This is pdfTeX, Version 3.1415926-2.4-1.40.13 (MiKTeX 2.9 64-bit) (preloaded format=pdflatex 2013.2.25)  27 FEB 2013 16:53
entering extended mode
**FLR_new.tex
(D:\MassSpectrometry\svn_manuscript\FLR\FLR_new.tex
LaTeX2e <2011/06/27>
Babel <v3.8m> and hyphenation patterns for english, afrikaans, ancientgreek, ar
abic, armenian, assamese, basque, bengali, bokmal, bulgarian, catalan, coptic, 
croatian, czech, danish, dutch, esperanto, estonian, farsi, finnish, french, ga
lician, german, german-x-2012-05-30, greek, gujarati, hindi, hungarian, iceland
ic, indonesian, interlingua, irish, italian, kannada, kurmanji, latin, latvian,
 lithuanian, malayalam, marathi, mongolian, mongolianlmc, monogreek, ngerman, n
german-x-2012-05-30, nynorsk, oriya, panjabi, pinyin, polish, portuguese, roman
ian, russian, sanskrit, serbian, slovak, slovenian, spanish, swedish, swissgerm
an, tamil, telugu, turkish, turkmen, ukenglish, ukrainian, uppersorbian, usengl
ishmax, welsh, loaded.
("C:\Program Files\MiKTeX 2.9\tex\latex\base\article.cls"
Document Class: article 2007/10/19 v1.4h Standard LaTeX document class
("C:\Program Files\MiKTeX 2.9\tex\latex\base\size11.clo"
File: size11.clo 2007/10/19 v1.4h Standard LaTeX file (size option)
)
\c@part=\count79
\c@section=\count80
\c@subsection=\count81
\c@subsubsection=\count82
\c@paragraph=\count83
\c@subparagraph=\count84
\c@figure=\count85
\c@table=\count86
\abovecaptionskip=\skip41
\belowcaptionskip=\skip42
\bibindent=\dimen102
)
("C:\Program Files\MiKTeX 2.9\tex\latex\graphics\epsfig.sty"
Package: epsfig 1999/02/16 v1.7a (e)psfig emulation (SPQR)

("C:\Program Files\MiKTeX 2.9\tex\latex\graphics\graphicx.sty"
Package: graphicx 1999/02/16 v1.0f Enhanced LaTeX Graphics (DPC,SPQR)

("C:\Program Files\MiKTeX 2.9\tex\latex\graphics\keyval.sty"
Package: keyval 1999/03/16 v1.13 key=value parser (DPC)
\KV@toks@=\toks14
)
("C:\Program Files\MiKTeX 2.9\tex\latex\graphics\graphics.sty"
Package: graphics 2009/02/05 v1.0o Standard LaTeX Graphics (DPC,SPQR)

("C:\Program Files\MiKTeX 2.9\tex\latex\graphics\trig.sty"
Package: trig 1999/03/16 v1.09 sin cos tan (DPC)
)
("C:\Program Files\MiKTeX 2.9\tex\latex\00miktex\graphics.cfg"
File: graphics.cfg 2007/01/18 v1.5 graphics configuration of teTeX/TeXLive
)
Package graphics Info: Driver file: pdftex.def on input line 91.

("C:\Program Files\MiKTeX 2.9\tex\latex\pdftex-def\pdftex.def"
File: pdftex.def 2011/05/27 v0.06d Graphics/color for pdfTeX

("C:\Program Files\MiKTeX 2.9\tex\generic\oberdiek\infwarerr.sty"
Package: infwarerr 2010/04/08 v1.3 Providing info/warning/error messages (HO)
)
("C:\Program Files\MiKTeX 2.9\tex\generic\oberdiek\ltxcmds.sty"
Package: ltxcmds 2011/11/09 v1.22 LaTeX kernel commands for general use (HO)
)
\Gread@gobject=\count87
))
\Gin@req@height=\dimen103
\Gin@req@width=\dimen104
)
\epsfxsize=\dimen105
\epsfysize=\dimen106
)
("C:\Program Files\MiKTeX 2.9\tex\latex\tools\longtable.sty"
Package: longtable 2004/02/01 v4.11 Multi-page Table package (DPC)
\LTleft=\skip43
\LTright=\skip44
\LTpre=\skip45
\LTpost=\skip46
\LTchunksize=\count88
\LTcapwidth=\dimen107
\LT@head=\box26
\LT@firsthead=\box27
\LT@foot=\box28
\LT@lastfoot=\box29
\LT@cols=\count89
\LT@rows=\count90
\c@LT@tables=\count91
\c@LT@chunks=\count92
\LT@p@ftn=\toks15
)
("C:\Program Files\MiKTeX 2.9\tex\latex\psnfss\times.sty"
Package: times 2005/04/12 PSNFSS-v9.2a (SPQR) 
)
("C:\Program Files\MiKTeX 2.9\tex\latex\base\latexsym.sty"
Package: latexsym 1998/08/17 v2.2e Standard LaTeX package (lasy symbols)
\symlasy=\mathgroup4
LaTeX Font Info:    Overwriting symbol font `lasy' in version `bold'
(Font)                  U/lasy/m/n --> U/lasy/b/n on input line 47.
)
("C:\Program Files\MiKTeX 2.9\tex\latex\amsfonts\amssymb.sty"
Package: amssymb 2009/06/22 v3.00

("C:\Program Files\MiKTeX 2.9\tex\latex\amsfonts\amsfonts.sty"
Package: amsfonts 2009/06/22 v3.00 Basic AMSFonts support
\@emptytoks=\toks16
\symAMSa=\mathgroup5
\symAMSb=\mathgroup6
LaTeX Font Info:    Overwriting math alphabet `\mathfrak' in version `bold'
(Font)                  U/euf/m/n --> U/euf/b/n on input line 96.
))
("C:\Program Files\MiKTeX 2.9\tex\latex\fancybox\fancybox.sty"
Package: fancybox 2010/05/15 1.4

Style option: `fancybox' v1.4 <2010/05/15> (tvz)
\@fancybox=\box30
\shadowsize=\dimen108
\@Sbox=\box31
\do@VerbBox=\toks17
\the@fancyput=\toks18
\this@fancyput=\toks19
\EndVerbatimTokens=\toks20
\Verbatim@Outfile=\write3
\Verbatim@Infile=\read1
) ("C:\Program Files\MiKTeX 2.9\tex\latex\subfigure\subfigure.sty"
Package: subfigure 2002/07/30 v2.1.4 subfigure package
\subfigtopskip=\skip47
\subfigcapskip=\skip48
\subfigcaptopadj=\dimen109
\subfigbottomskip=\skip49
\subfigcapmargin=\dimen110
\subfiglabelskip=\skip50
\c@subfigure=\count93
\c@lofdepth=\count94
\c@subtable=\count95
\c@lotdepth=\count96

****************************************
* Local config file subfigure.cfg used *
****************************************
("C:\Program Files\MiKTeX 2.9\tex\latex\subfigure\subfigure.cfg")
\subfig@top=\skip51
\subfig@bottom=\skip52
)
("C:\Program Files\MiKTeX 2.9\tex\latex\floatflt\floatflt.sty"
Package: floatflt 1997/07/16 v. 1.31
\c@OptionTest=\count97
\figbox=\box32
\tabbox=\box33
\pagebox=\box34
\ffigcount=\count98
\ftabcount=\count99
\fftest=\count100
\hangcount=\count101
\nosuccesstryfig=\count102
\nosuccesstrytab=\count103
\figgutter=\dimen111
\tabgutter=\dimen112
\htdone=\dimen113
\pageht=\dimen114
\startpageht=\dimen115
\tabbredd=\dimen116
\floatfltwidth=\dimen117
\fltitemwidth=\dimen118
\outputpretest=\toks21
)
("C:\Program Files\MiKTeX 2.9\tex\latex\ulem\ulem.sty"
\UL@box=\box35
\UL@hyphenbox=\box36
\UL@skip=\skip53
\UL@hook=\toks22
\UL@height=\dimen119
\UL@pe=\count104
\UL@pixel=\dimen120
\ULC@box=\box37
Package: ulem 2012/05/18
\ULdepth=\dimen121
)
("C:\Program Files\MiKTeX 2.9\tex\latex\ams\math\amsmath.sty"
Package: amsmath 2000/07/18 v2.13 AMS math features
\@mathmargin=\skip54

For additional information on amsmath, use the `?' option.
("C:\Program Files\MiKTeX 2.9\tex\latex\ams\math\amstext.sty"
Package: amstext 2000/06/29 v2.01

("C:\Program Files\MiKTeX 2.9\tex\latex\ams\math\amsgen.sty"
File: amsgen.sty 1999/11/30 v2.0
\@emptytoks=\toks23
\ex@=\dimen122
))
("C:\Program Files\MiKTeX 2.9\tex\latex\ams\math\amsbsy.sty"
Package: amsbsy 1999/11/29 v1.2d
\pmbraise@=\dimen123
)
("C:\Program Files\MiKTeX 2.9\tex\latex\ams\math\amsopn.sty"
Package: amsopn 1999/12/14 v2.01 operator names
)
\inf@bad=\count105
LaTeX Info: Redefining \frac on input line 211.
\uproot@=\count106
\leftroot@=\count107
LaTeX Info: Redefining \overline on input line 307.
\classnum@=\count108
\DOTSCASE@=\count109
LaTeX Info: Redefining \ldots on input line 379.
LaTeX Info: Redefining \dots on input line 382.
LaTeX Info: Redefining \cdots on input line 467.
\Mathstrutbox@=\box38
\strutbox@=\box39
\big@size=\dimen124
LaTeX Font Info:    Redeclaring font encoding OML on input line 567.
LaTeX Font Info:    Redeclaring font encoding OMS on input line 568.
\macc@depth=\count110
\c@MaxMatrixCols=\count111
\dotsspace@=\muskip10
\c@parentequation=\count112
\dspbrk@lvl=\count113
\tag@help=\toks24
\row@=\count114
\column@=\count115
\maxfields@=\count116
\andhelp@=\toks25
\eqnshift@=\dimen125
\alignsep@=\dimen126
\tagshift@=\dimen127
\tagwidth@=\dimen128
\totwidth@=\dimen129
\lineht@=\dimen130
\@envbody=\toks26
\multlinegap=\skip55
\multlinetaggap=\skip56
\mathdisplay@stack=\toks27
LaTeX Info: Redefining \[ on input line 2666.
LaTeX Info: Redefining \] on input line 2667.
)
("C:\Program Files\MiKTeX 2.9\tex\latex\multirow\multirow.sty"
\bigstrutjot=\dimen131
)
("C:\Program Files\MiKTeX 2.9\tex\latex\geometry\geometry.sty"
Package: geometry 2010/09/12 v5.6 Page Geometry

("C:\Program Files\MiKTeX 2.9\tex\generic\oberdiek\ifpdf.sty"
Package: ifpdf 2011/01/30 v2.3 Provides the ifpdf switch (HO)
Package ifpdf Info: pdfTeX in PDF mode is detected.
)
("C:\Program Files\MiKTeX 2.9\tex\generic\oberdiek\ifvtex.sty"
Package: ifvtex 2010/03/01 v1.5 Detect VTeX and its facilities (HO)
Package ifvtex Info: VTeX not detected.
)
("C:\Program Files\MiKTeX 2.9\tex\generic\ifxetex\ifxetex.sty"
Package: ifxetex 2010/09/12 v0.6 Provides ifxetex conditional
)
\Gm@cnth=\count117
\Gm@cntv=\count118
\c@Gm@tempcnt=\count119
\Gm@bindingoffset=\dimen132
\Gm@wd@mp=\dimen133
\Gm@odd@mp=\dimen134
\Gm@even@mp=\dimen135
\Gm@layoutwidth=\dimen136
\Gm@layoutheight=\dimen137
\Gm@layouthoffset=\dimen138
\Gm@layoutvoffset=\dimen139
\Gm@dimlist=\toks28

("C:\Program Files\MiKTeX 2.9\tex\latex\geometry\geometry.cfg"))
("C:\Program Files\MiKTeX 2.9\tex\latex\algorithms\algorithmic.sty"
Package: algorithmic 2009/08/24 v0.1 Document Style `algorithmic'

("C:\Program Files\MiKTeX 2.9\tex\latex\base\ifthen.sty"
Package: ifthen 2001/05/26 v1.1c Standard LaTeX ifthen package (DPC)
)
\c@ALC@unique=\count120
\c@ALC@line=\count121
\c@ALC@rem=\count122
\c@ALC@depth=\count123
\ALC@tlm=\skip57
\algorithmicindent=\skip58
)
("C:\Program Files\MiKTeX 2.9\tex\latex\newalg\newalg.sty"
Package: newalg 1994/12/15 Format code algorithms nicely
\algstack=\box40
\algtab=\box41
\algline=\count124
\alga=\toks29
\algb=\toks30
)
("C:\Program Files\MiKTeX 2.9\tex\latex\graphics\lscape.sty"
Package: lscape 2000/10/22 v3.01 Landscape Pages (DPC)
)
\c@problem=\count125
\c@THEOREM=\count126
\c@DEFINITION=\count127

(D:\MassSpectrometry\svn_manuscript\FLR\FLR_new.aux

LaTeX Warning: Label `sec:inferDetectabilities' multiply defined.

)
LaTeX Font Info:    Checking defaults for OML/cmm/m/it on input line 118.
LaTeX Font Info:    ... okay on input line 118.
LaTeX Font Info:    Checking defaults for T1/cmr/m/n on input line 118.
LaTeX Font Info:    ... okay on input line 118.
LaTeX Font Info:    Checking defaults for OT1/cmr/m/n on input line 118.
LaTeX Font Info:    ... okay on input line 118.
LaTeX Font Info:    Checking defaults for OMS/cmsy/m/n on input line 118.
LaTeX Font Info:    ... okay on input line 118.
LaTeX Font Info:    Checking defaults for OMX/cmex/m/n on input line 118.
LaTeX Font Info:    ... okay on input line 118.
LaTeX Font Info:    Checking defaults for U/cmr/m/n on input line 118.
LaTeX Font Info:    ... okay on input line 118.
LaTeX Font Info:    Try loading font information for OT1+ptm on input line 118.

 ("C:\Program Files\MiKTeX 2.9\tex\latex\psnfss\ot1ptm.fd"
File: ot1ptm.fd 2001/06/04 font definitions for OT1/ptm.
)
("C:\Program Files\MiKTeX 2.9\tex\context\base\supp-pdf.mkii"
[Loading MPS to PDF converter (version 2006.09.02).]
\scratchcounter=\count128
\scratchdimen=\dimen140
\scratchbox=\box42
\nofMPsegments=\count129
\nofMParguments=\count130
\everyMPshowfont=\toks31
\MPscratchCnt=\count131
\MPscratchDim=\dimen141
\MPnumerator=\count132
\makeMPintoPDFobject=\count133
\everyMPtoPDFconversion=\toks32
)
*geometry* driver: auto-detecting
*geometry* detected driver: pdftex
*geometry* verbose mode - [ preamble ] result:
* driver: pdftex
* paper: <default>
* layout: <same size as paper>
* layoutoffset:(h,v)=(0.0pt,0.0pt)
* modes: 
* h-part:(L,W,R)=(72.26999pt, 469.75502pt, 72.26999pt)
* v-part:(T,H,B)=(72.26999pt, 650.43001pt, 72.26999pt)
* \paperwidth=614.295pt
* \paperheight=794.96999pt
* \textwidth=469.75499pt
* \textheight=686.56499pt
* \oddsidemargin=0.0pt
* \evensidemargin=0.0pt
* \topmargin=-65.04256pt
* \headheight=12.0pt
* \headsep=25.0pt
* \topskip=11.0pt
* \footskip=30.0pt
* \marginparwidth=59.0pt
* \marginparsep=10.0pt
* \columnsep=14.22636pt
* \skip\footins=10.0pt plus 4.0pt minus 2.0pt
* \hoffset=0.0pt
* \voffset=0.0pt
* \mag=1000
* \@twocolumnfalse
* \@twosidefalse
* \@mparswitchfalse
* \@reversemarginfalse
* (1in=72.27pt=25.4mm, 1cm=28.453pt)

LaTeX Font Info:    Try loading font information for U+lasy on input line 125.
("C:\Program Files\MiKTeX 2.9\tex\latex\base\ulasy.fd"
File: ulasy.fd 1998/08/17 v2.2e LaTeX symbol font definitions
)
LaTeX Font Info:    Try loading font information for U+msa on input line 125.

("C:\Program Files\MiKTeX 2.9\tex\latex\amsfonts\umsa.fd"
File: umsa.fd 2009/06/22 v3.00 AMS symbols A
)
LaTeX Font Info:    Try loading font information for U+msb on input line 125.

("C:\Program Files\MiKTeX 2.9\tex\latex\amsfonts\umsb.fd"
File: umsb.fd 2009/06/22 v3.00 AMS symbols B
)

LaTeX Warning: No \author given.

LaTeX Font Info:    Font shape `OT1/ptm/bx/n' in size <10> not available
(Font)              Font shape `OT1/ptm/b/n' tried instead on input line 127.
LaTeX Font Info:    Font shape `OT1/ptm/bx/n' in size <14.4> not available
(Font)              Font shape `OT1/ptm/b/n' tried instead on input line 139.
[1

{C:/ProgramData/MiKTeX/2.9/pdftex/config/pdftex.map}] [2]

LaTeX Warning: No positions in optional float specifier.
               Default added (so using `tbp') on input line 173.

<fig/intro.pdf, id=14, 1045.65656pt x 662.475pt>
File: fig/intro.pdf Graphic file (type pdf)
 <use fig/intro.pdf>
Package pdftex.def Info: fig/intro.pdf used on input line 175.
(pdftex.def)             Requested size: 519.01366pt x 328.82706pt.

Overfull \hbox (49.25867pt too wide) in paragraph at lines 175--176
 [][] 
 []

! Argument of \@caption has an extra }.
<inserted text> 
                \par 
l.176 ...tive abundances of the co-eluting sites.}
                                                  
I've run across a `}' that doesn't seem to match anything.
For example, `\def\a#1{...}' and `\a}' would produce
this error. If you simply proceed now, the `\par' that
I've just inserted will cause me to report a runaway
argument that might be the root of the problem. But if
your `}' was spurious, just type `2' and it will go away.

Runaway argument?
\@captype {\def \reserved@a *{\nobreak \@xcentercr }\reserved@a }\def \ETC.
! Paragraph ended before \@caption was complete.
<to be read again> 
                   \par 
l.176 ...tive abundances of the co-eluting sites.}
                                                  
I suspect you've forgotten a `}', causing me to apply this
control sequence to too much text. How can we recover?
My plan is to forget the whole thing and hope for the best.

LaTeX Font Info:    Font shape `OT1/ptm/bx/n' in size <12> not available
(Font)              Font shape `OT1/ptm/b/n' tried instead on input line 181.
! Missing } inserted.
<inserted text> 
                }
l.182 ... masses $\mathcal{M}={m_{1},\cdots,m_{k}$
                                                   with $d$ duplicate masses...
I've inserted something that you may have forgotten.
(See the <inserted text> above.)
With luck, this will get me unwedged. But if you
really didn't forget anything, try typing `2' now; then
my insertion and my current dilemma will both disappear.

[3] [4 <D:/MassSpectrometry/svn_manuscript/FLR/fig/intro.pdf>] [5] [6] [7]
<fig/ambiguity_vs_grouping.png, id=56, 542.025pt x 294.1389pt>
File: fig/ambiguity_vs_grouping.png Graphic file (type png)

<use fig/ambiguity_vs_grouping.png>
Package pdftex.def Info: fig/ambiguity_vs_grouping.png used on input line 314.
(pdftex.def)             Requested size: 487.81798pt x 264.72255pt.

Overfull \hbox (18.06299pt too wide) in paragraph at lines 314--315
 [][] 
 []


LaTeX Warning: `h' float specifier changed to `ht'.

LaTeX Font Info:    Font shape `OT1/ptm/bx/n' in size <10.95> not available
(Font)              Font shape `OT1/ptm/b/n' tried instead on input line 326.

LaTeX Warning: Citation `Groenborg2002' on page 8 undefined on input line 326.


LaTeX Warning: Citation `Steen2001' on page 8 undefined on input line 326.

[8]
<fig/synthetic/all_charge_cid_empirical_vs_estimated_flr.png, id=60, 216.81pt x
 333.4056pt>
File: fig/synthetic/all_charge_cid_empirical_vs_estimated_flr.png Graphic file 
(type png)
 <use fig/synthetic/all_charge_cid_empirical_vs_estimated_flr.png>
Package pdftex.def Info: fig/synthetic/all_charge_cid_empirical_vs_estimated_fl
r.png used on input line 334.
(pdftex.def)             Requested size: 108.40472pt x 166.70238pt.


LaTeX Warning: `h' float specifier changed to `ht'.

<fig/venn_diagrams.png, id=62, 580.3281pt x 547.0839pt>
File: fig/venn_diagrams.png Graphic file (type png)

<use fig/venn_diagrams.png>
Package pdftex.def Info: fig/venn_diagrams.png used on input line 344.
(pdftex.def)             Requested size: 377.20879pt x 355.60031pt.


LaTeX Warning: `!h' float specifier changed to `!ht'.

LaTeX Font Info:    Try loading font information for OT1+pcr on input line 349.

("C:\Program Files\MiKTeX 2.9\tex\latex\psnfss\ot1pcr.fd"
File: ot1pcr.fd 2001/06/04 font definitions for OT1/pcr.
)
Overfull \hbox (19.4248pt too wide) in paragraph at lines 349--350
[]\OT1/ptm/m/n/10.95 The dataset con-sists of both neu-tral loss de-pen-dent MS
3 spec-tra and MS/MS spec-tra of the de-phosphorylated
 []

[9 <D:/MassSpectrometry/svn_manuscript/FLR/fig/ambiguity_vs_grouping.png>]

LaTeX Warning: Citation `Cherry2012' on page 10 undefined on input line 356.


LaTeX Warning: Citation `Groenborg2002' on page 10 undefined on input line 360.


[10 <D:/MassSpectrometry/svn_manuscript/FLR/fig/synthetic/all_charge_cid_empiri
cal_vs_estimated_flr.png>] [11 <D:/MassSpectrometry/svn_manuscript/FLR/fig/venn
_diagrams.png>]
<fig/lens_and_phospho_histogram.png, id=74, 613.8132pt x 160.9212pt>
File: fig/lens_and_phospho_histogram.png Graphic file (type png)

<use fig/lens_and_phospho_histogram.png>
Package pdftex.def Info: fig/lens_and_phospho_histogram.png used on input line 
406.
(pdftex.def)             Requested size: 491.05122pt x 128.73712pt.

Overfull \hbox (21.29623pt too wide) in paragraph at lines 406--407
 [][] 
 []

[12 <D:/MassSpectrometry/svn_manuscript/FLR/fig/lens_and_phospho_histogram.png>
] (D:\MassSpectrometry\svn_manuscript\FLR\FLR_new.bbl [13] [14]) [15]
(D:\MassSpectrometry\svn_manuscript\FLR\FLR_supp_methods.tex
<fig/lens/cosine_unmod_vs_unmod.png, id=88, 602.25pt x 602.25pt>
File: fig/lens/cosine_unmod_vs_unmod.png Graphic file (type png)

<use fig/lens/cosine_unmod_vs_unmod.png>
Package pdftex.def Info: fig/lens/cosine_unmod_vs_unmod.png used on input line 
156.
(pdftex.def)             Requested size: 144.54294pt x 144.54294pt.

<fig/lens/cosine_mod_vs_unmod.png, id=89, 602.25pt x 602.25pt>
File: fig/lens/cosine_mod_vs_unmod.png Graphic file (type png)

<use fig/lens/cosine_mod_vs_unmod.png>
Package pdftex.def Info: fig/lens/cosine_mod_vs_unmod.png used on input line 15
7.
(pdftex.def)             Requested size: 144.54294pt x 144.54294pt.

<fig/lens/cosine_random_unmod.png, id=90, 602.25pt x 602.25pt>
File: fig/lens/cosine_random_unmod.png Graphic file (type png)

<use fig/lens/cosine_random_unmod.png>
Package pdftex.def Info: fig/lens/cosine_random_unmod.png used on input line 15
8.
(pdftex.def)             Requested size: 144.54294pt x 144.54294pt.

<fig/lens/cosine_cumulative_probablility.png, id=91, 903.375pt x 903.375pt>
File: fig/lens/cosine_cumulative_probablility.png Graphic file (type png)

<use fig/lens/cosine_cumulative_probablility.png>
Package pdftex.def Info: fig/lens/cosine_cumulative_probablility.png used on in
put line 159.
(pdftex.def)             Requested size: 216.80064pt x 216.80064pt.

<fig/phospho/cosine_unmod_vs_unmod.png, id=92, 602.25pt x 602.25pt>
File: fig/phospho/cosine_unmod_vs_unmod.png Graphic file (type png)

<use fig/phospho/cosine_unmod_vs_unmod.png>
Package pdftex.def Info: fig/phospho/cosine_unmod_vs_unmod.png used on input li
ne 166.
(pdftex.def)             Requested size: 144.54294pt x 144.54294pt.

<fig/phospho/cosine_mod_vs_unmod_ms2.png, id=93, 602.25pt x 602.25pt>
File: fig/phospho/cosine_mod_vs_unmod_ms2.png Graphic file (type png)

<use fig/phospho/cosine_mod_vs_unmod_ms2.png>
Package pdftex.def Info: fig/phospho/cosine_mod_vs_unmod_ms2.png used on input 
line 167.
(pdftex.def)             Requested size: 144.54294pt x 144.54294pt.

<fig/phospho/cosine_mod_vs_unmod_ms3.png, id=94, 602.25pt x 602.25pt>
File: fig/phospho/cosine_mod_vs_unmod_ms3.png Graphic file (type png)

<use fig/phospho/cosine_mod_vs_unmod_ms3.png>
Package pdftex.def Info: fig/phospho/cosine_mod_vs_unmod_ms3.png used on input 
line 168.
(pdftex.def)             Requested size: 144.54294pt x 144.54294pt.

<fig/phospho/cosine_unmod_vs_unmod_random.png, id=95, 602.25pt x 602.25pt>
File: fig/phospho/cosine_unmod_vs_unmod_random.png Graphic file (type png)

<use fig/phospho/cosine_unmod_vs_unmod_random.png>
Package pdftex.def Info: fig/phospho/cosine_unmod_vs_unmod_random.png used on i
nput line 169.
(pdftex.def)             Requested size: 144.54294pt x 144.54294pt.

<fig/phospho/cumulative_probability.png, id=96, 903.375pt x 1003.75pt>
File: fig/phospho/cumulative_probability.png Graphic file (type png)

<use fig/phospho/cumulative_probability.png>
Package pdftex.def Info: fig/phospho/cumulative_probability.png used on input l
ine 170.
(pdftex.def)             Requested size: 216.80064pt x 216.79758pt.
 [1

] [2 <D:/MassSpectrometry/svn_manuscript/FLR/fig/lens/cosine_unmod_vs_unmod.png
 (PNG copy)> <D:/MassSpectrometry/svn_manuscript/FLR/fig/lens/cosine_mod_vs_unm
od.png (PNG copy)> <D:/MassSpectrometry/svn_manuscript/FLR/fig/lens/cosine_rand
om_unmod.png (PNG copy)> <D:/MassSpectrometry/svn_manuscript/FLR/fig/lens/cosin
e_cumulative_probablility.png (PNG copy)>] [3 <D:/MassSpectrometry/svn_manuscri
pt/FLR/fig/phospho/cosine_unmod_vs_unmod.png (PNG copy)> <D:/MassSpectrometry/s
vn_manuscript/FLR/fig/phospho/cosine_mod_vs_unmod_ms2.png (PNG copy)> <D:/MassS
pectrometry/svn_manuscript/FLR/fig/phospho/cosine_mod_vs_unmod_ms3.png (PNG cop
y)> <D:/MassSpectrometry/svn_manuscript/FLR/fig/phospho/cosine_unmod_vs_unmod_r
andom.png (PNG copy)> <D:/MassSpectrometry/svn_manuscript/FLR/fig/phospho/cumul
ative_probability.png>]
<fig/phospho/cosine_unmod_vs_massanalyzer.png, id=106, 602.25pt x 602.25pt>
File: fig/phospho/cosine_unmod_vs_massanalyzer.png Graphic file (type png)

<use fig/phospho/cosine_unmod_vs_massanalyzer.png>
Package pdftex.def Info: fig/phospho/cosine_unmod_vs_massanalyzer.png used on i
nput line 184.
(pdftex.def)             Requested size: 144.54294pt x 144.54294pt.

<fig/phospho/cosine_mod_ms2_vs_massanalyzer.png, id=107, 602.25pt x 602.25pt>
File: fig/phospho/cosine_mod_ms2_vs_massanalyzer.png Graphic file (type png)

<use fig/phospho/cosine_mod_ms2_vs_massanalyzer.png>
Package pdftex.def Info: fig/phospho/cosine_mod_ms2_vs_massanalyzer.png used on
 input line 185.
(pdftex.def)             Requested size: 144.54294pt x 144.54294pt.

<fig/phospho/cosine_mod_ms3_vs_massanalyzer.png, id=108, 602.25pt x 602.25pt>
File: fig/phospho/cosine_mod_ms3_vs_massanalyzer.png Graphic file (type png)

<use fig/phospho/cosine_mod_ms3_vs_massanalyzer.png>
Package pdftex.def Info: fig/phospho/cosine_mod_ms3_vs_massanalyzer.png used on
 input line 186.
(pdftex.def)             Requested size: 144.54294pt x 144.54294pt.

<fig/phospho/cosine_mod_vs_massanalyzer_synthetic_cid.png, id=109, 602.25pt x 6
02.25pt>
File: fig/phospho/cosine_mod_vs_massanalyzer_synthetic_cid.png Graphic file (ty
pe png)
 <use fig/phospho/cosine_mod_vs_massanalyzer_synthetic_cid.png>
Package pdftex.def Info: fig/phospho/cosine_mod_vs_massanalyzer_synthetic_cid.p
ng used on input line 197.
(pdftex.def)             Requested size: 144.54294pt x 144.54294pt.

[4 <D:/MassSpectrometry/svn_manuscript/FLR/fig/phospho/cosine_unmod_vs_massanal
yzer.png (PNG copy)> <D:/MassSpectrometry/svn_manuscript/FLR/fig/phospho/cosine
_mod_ms2_vs_massanalyzer.png (PNG copy)> <D:/MassSpectrometry/svn_manuscript/FL
R/fig/phospho/cosine_mod_ms3_vs_massanalyzer.png (PNG copy)> <D:/MassSpectromet
ry/svn_manuscript/FLR/fig/phospho/cosine_mod_vs_massanalyzer_synthetic_cid.png 
(PNG copy)>] <PEPT_all.png, id=114, 525.162pt x 336.7782pt>
File: PEPT_all.png Graphic file (type png)
 <use PEPT_all.png>
Package pdftex.def Info: PEPT_all.png used on input line 214.
(pdftex.def)             Requested size: 525.16072pt x 336.77737pt.

Overfull \hbox (55.40573pt too wide) in paragraph at lines 214--215
 [][] 
 []

) [5 <D:/MassSpectrometry/svn_manuscript/FLR/PEPT_all.png>]
(D:\MassSpectrometry\svn_manuscript\FLR\FLR_supp_synthetic.tex
Overfull \hbox (36.14156pt too wide) in paragraph at lines 15--33
 [][] 
 []


<fig/synthetic/0055_LQ(T,-18)VHSIPLTINK_unmod.png, id=118, 578.16pt x 433.62pt>
File: fig/synthetic/0055_LQ(T,-18)VHSIPLTINK_unmod.png Graphic file (type png)
<use fig/synthetic/0055_LQ(T,-18)VHSIPLTINK_unmod.png>
Package pdftex.def Info: fig/synthetic/0055_LQ(T,-18)VHSIPLTINK_unmod.png used 
on input line 39.
(pdftex.def)             Requested size: 213.91585pt x 160.43689pt.

<fig/synthetic/0055_LQ(T,-18)VHSIPLTINK_mod1.png, id=119, 578.16pt x 433.62pt>
File: fig/synthetic/0055_LQ(T,-18)VHSIPLTINK_mod1.png Graphic file (type png)

<use fig/synthetic/0055_LQ(T,-18)VHSIPLTINK_mod1.png>
Package pdftex.def Info: fig/synthetic/0055_LQ(T,-18)VHSIPLTINK_mod1.png used o
n input line 40.
(pdftex.def)             Requested size: 213.91585pt x 160.43689pt.

<fig/synthetic/0055_LQ(T,-18)VHSIPLTINK_mod2.png, id=120, 578.16pt x 433.62pt>
File: fig/synthetic/0055_LQ(T,-18)VHSIPLTINK_mod2.png Graphic file (type png)

<use fig/synthetic/0055_LQ(T,-18)VHSIPLTINK_mod2.png>
Package pdftex.def Info: fig/synthetic/0055_LQ(T,-18)VHSIPLTINK_mod2.png used o
n input line 41.
(pdftex.def)             Requested size: 213.91585pt x 160.43689pt.


LaTeX Warning: `!h' float specifier changed to `!ht'.

) [1

] [2 <D:/MassSpectrometry/svn_manuscript/FLR/fig/synthetic/0055_LQ(T,-18)VHSIPL
TINK_unmod.png> <D:/MassSpectrometry/svn_manuscript/FLR/fig/synthetic/0055_LQ(T
,-18)VHSIPLTINK_mod1.png> <D:/MassSpectrometry/svn_manuscript/FLR/fig/synthetic
/0055_LQ(T,-18)VHSIPLTINK_mod2.png>]
(D:\MassSpectrometry\svn_manuscript\FLR\FLR_supp_lens.tex) [1

]
(D:\MassSpectrometry\svn_manuscript\FLR\FLR_new.aux)

LaTeX Warning: There were undefined references.


LaTeX Warning: There were multiply-defined labels.

 ) 
Here is how much of TeX's memory you used:
 3793 strings out of 493921
 51510 string characters out of 3147270
 131337 words of memory out of 3000000
 6956 multiletter control sequences out of 15000+200000
 34836 words of font info for 88 fonts, out of 3000000 for 9000
 841 hyphenation exceptions out of 8191
 34i,13n,24p,2194b,254s stack positions out of 5000i,500n,10000p,200000b,50000s
{C:/Program Files/MiKTeX 2.9/fonts/enc/dvips/fontname/8r.enc}<C:/Program File
s/MiKTeX 2.9/fonts/type1/public/amsfonts/cm/cmex10.pfb><C:/Program Files/MiKTeX
 2.9/fonts/type1/public/amsfonts/cm/cmmi10.pfb><C:/Program Files/MiKTeX 2.9/fon
ts/type1/public/amsfonts/cm/cmmi6.pfb><C:/Program Files/MiKTeX 2.9/fonts/type1/
public/amsfonts/cm/cmmi8.pfb><C:/Program Files/MiKTeX 2.9/fonts/type1/public/am
sfonts/cm/cmr10.pfb><C:/Program Files/MiKTeX 2.9/fonts/type1/public/amsfonts/cm
/cmr8.pfb><C:/Program Files/MiKTeX 2.9/fonts/type1/public/amsfonts/cm/cmsy10.pf
b><C:/Program Files/MiKTeX 2.9/fonts/type1/public/amsfonts/cm/cmsy8.pfb><C:/Pro
gram Files/MiKTeX 2.9/fonts/type1/urw/courier/ucrr8a.pfb><C:/Program Files/MiKT
eX 2.9/fonts/type1/urw/times/utmb8a.pfb><C:/Program Files/MiKTeX 2.9/fonts/type
1/urw/times/utmr8a.pfb><C:/Program Files/MiKTeX 2.9/fonts/type1/urw/times/utmri
8a.pfb>
Output written on FLR_new.pdf (23 pages, 2013617 bytes).
PDF statistics:
 172 PDF objects out of 1000 (max. 8388607)
 0 named destinations out of 1000 (max. 500000)
 111 words of extra memory for PDF output out of 10000 (max. 10000000)

