This file contains any messages produced by compilers while
running configure, to aid debugging if configure makes a mistake.

It was created by configure, which was
generated by GNU Autoconf 2.61.  Invocation command line was

  $ ./configure --prefix=/usr/local --cache-file=/dev/null --srcdir=.

## --------- ##
## Platform. ##
## --------- ##

hostname = usa.ucsd.edu
uname -m = x86_64
uname -r = 2.6.18-164.el5
uname -s = Linux
uname -v = #1 SMP Thu Sep 3 03:28:30 EDT 2009

/usr/bin/uname -p = unknown
/bin/uname -X     = unknown

/bin/arch              = x86_64
/usr/bin/arch -k       = unknown
/usr/convex/getsysinfo = unknown
/usr/bin/hostinfo      = unknown
/bin/machine           = unknown
/usr/bin/oslevel       = unknown
/bin/universe          = unknown

PATH: /usr/lib64/qt-3.3/bin
PATH: /usr/kerberos/bin
PATH: /usr/local/bin
PATH: /bin
PATH: /usr/bin
PATH: /opt/eclipse
PATH: /home/pbouchard/bin


## ----------- ##
## Core tests. ##
## ----------- ##

configure:1711: checking for a BSD-compatible install
configure:1767: result: /usr/bin/install -c
configure:1778: checking whether build environment is sane
configure:1821: result: yes
configure:1849: checking for a thread-safe mkdir -p
configure:1888: result: /bin/mkdir -p
configure:1901: checking for gawk
configure:1917: found /bin/gawk
configure:1928: result: gawk
configure:1939: checking whether make sets $(MAKE)
configure:1960: result: yes
configure:2149: checking whether make sets $(MAKE)
configure:2170: result: yes
configure:2192: checking for a BSD-compatible install
configure:2248: result: /usr/bin/install -c
configure:2266: checking for emacs
configure:2282: found /usr/bin/emacs
configure:2293: result: emacs
configure:2317: checking where .elc files should go
configure:2330: $EMACS -batch -q -eval '(while load-path (princ (concat (car load-path) "\n")) (setq load-path (cdr load-path)))' </dev/null >conftest.out
Loading /usr/share/emacs/site-lisp/site-start.d/igrep-init.el (source)...
Loading /usr/share/emacs/site-lisp/site-start.d/lang-coding-systems-init.el (source)...
Loading /usr/share/emacs/site-lisp/site-start.d/php-mode-init.el (source)...
Loading /usr/share/emacs/site-lisp/site-start.d/po-mode-init.el (source)...
Loading /usr/share/emacs/site-lisp/site-start.d/python-mode-init.el (source)...
Loading /usr/share/emacs/site-lisp/site-start.d/rpm-spec-mode-init.el (source)...
Loading /usr/share/emacs/site-lisp/site-start.d/tramp-init.el (source)...
configure:2333: $? = 0
configure:2346: result: ${datarootdir}/emacs/site-lisp
configure:2361: checking for dvips
configure:2377: found /usr/bin/dvips
configure:2388: result: dvips
configure:2404: checking for latex
configure:2420: found /usr/bin/latex
configure:2431: result: latex
configure:2445: checking for makeinfo
configure:2463: found /usr/bin/makeinfo
configure:2476: result: /usr/bin/makeinfo
configure:2489: checking for pdflatex
configure:2505: found /usr/bin/pdflatex
configure:2516: result: pdflatex
configure:2558: checking for emacs version
configure:2565: result: 21.4.1
configure:2569: checking whether info-look.el is needed
configure:2590: result: not needed with emacs 21.4.1
configure:2729: creating ./config.status

## ---------------------- ##
## Running config.status. ##
## ---------------------- ##

This file was extended by config.status, which was
generated by GNU Autoconf 2.61.  Invocation command line was

  CONFIG_FILES    = 
  CONFIG_HEADERS  = 
  CONFIG_LINKS    = 
  CONFIG_COMMANDS = 
  $ ./config.status 

on usa.ucsd.edu

config.status:597: creating Makefile

## ---------------- ##
## Cache variables. ##
## ---------------- ##

ac_cv_env_EMACSLOADPATH_set=
ac_cv_env_EMACSLOADPATH_value=
ac_cv_env_EMACS_set=
ac_cv_env_EMACS_value=
ac_cv_env_build_alias_set=
ac_cv_env_build_alias_value=
ac_cv_env_host_alias_set=
ac_cv_env_host_alias_value=
ac_cv_env_target_alias_set=
ac_cv_env_target_alias_value=
ac_cv_path_MAKEINFO=/usr/bin/makeinfo
ac_cv_path_install='/usr/bin/install -c'
ac_cv_path_mkdir=/bin/mkdir
ac_cv_prog_AWK=gawk
ac_cv_prog_DVIPS=dvips
ac_cv_prog_EMACS=emacs
ac_cv_prog_LATEX=latex
ac_cv_prog_PDFLATEX=pdflatex
ac_cv_prog_make_make_set=yes
am_cv_lispdir='${datarootdir}/emacs/site-lisp'

## ----------------- ##
## Output variables. ##
## ----------------- ##

ACLOCAL='${SHELL} /home/pbouchard/cpplib/install/all/src/gnuplot-4.2.5/missing --run aclocal-1.10'
AMTAR='${SHELL} /home/pbouchard/cpplib/install/all/src/gnuplot-4.2.5/missing --run tar'
AUTOCONF='${SHELL} /home/pbouchard/cpplib/install/all/src/gnuplot-4.2.5/missing --run autoconf'
AUTOHEADER='${SHELL} /home/pbouchard/cpplib/install/all/src/gnuplot-4.2.5/missing --run autoheader'
AUTOMAKE='${SHELL} /home/pbouchard/cpplib/install/all/src/gnuplot-4.2.5/missing --run automake-1.10'
AWK='gawk'
CYGPATH_W='echo'
DEFS='-DPACKAGE_NAME=\"\" -DPACKAGE_TARNAME=\"\" -DPACKAGE_VERSION=\"\" -DPACKAGE_STRING=\"\" -DPACKAGE_BUGREPORT=\"\" -DPACKAGE=\"gnuplot-mode\" -DVERSION=\"0.6.0\"'
DVIPS='dvips'
ECHO_C=''
ECHO_N='-n'
ECHO_T=''
EMACS='emacs'
EMACSLOADPATH=''
INFO_LOOK_ELC=''
INSTALL_DATA='${INSTALL} -m 644'
INSTALL_LISP='install-lisp'
INSTALL_PROGRAM='${INSTALL}'
INSTALL_SCRIPT='${INSTALL}'
INSTALL_STRIP_PROGRAM='$(install_sh) -c -s'
LATEX='latex'
LIBOBJS=''
LIBS=''
LISPFILES='elcs'
LTLIBOBJS=''
MAKEINFO='/usr/bin/makeinfo'
PACKAGE='gnuplot-mode'
PACKAGE_BUGREPORT=''
PACKAGE_NAME=''
PACKAGE_STRING=''
PACKAGE_TARNAME=''
PACKAGE_VERSION=''
PATH_SEPARATOR=':'
PDFLATEX='pdflatex'
SET_MAKE=''
SHELL='/bin/sh'
STRIP=''
VERSION='0.6.0'
am__isrc=''
am__leading_dot='.'
am__tar='${AMTAR} chof - "$$tardir"'
am__untar='${AMTAR} xf -'
bindir='${exec_prefix}/bin'
build_alias=''
datadir='${datarootdir}'
datarootdir='${prefix}/share'
docdir='${datarootdir}/doc/${PACKAGE}'
dvidir='${docdir}'
exec_prefix='${prefix}'
host_alias=''
htmldir='${docdir}'
includedir='${prefix}/include'
infodir='${datarootdir}/info'
install_sh='$(SHELL) /home/pbouchard/cpplib/install/all/src/gnuplot-4.2.5/install-sh'
libdir='${exec_prefix}/lib'
libexecdir='${exec_prefix}/libexec'
lispdir='${datarootdir}/emacs/site-lisp'
localedir='${datarootdir}/locale'
localstatedir='${prefix}/var'
mandir='${datarootdir}/man'
mkdir_p='/bin/mkdir -p'
oldincludedir='/usr/include'
pdfdir='${docdir}'
prefix='/usr/local'
program_transform_name='s,x,x,'
psdir='${docdir}'
sbindir='${exec_prefix}/sbin'
sharedstatedir='${prefix}/com'
sysconfdir='${prefix}/etc'
target_alias=''

## ----------- ##
## confdefs.h. ##
## ----------- ##

#define PACKAGE_NAME ""
#define PACKAGE_TARNAME ""
#define PACKAGE_VERSION ""
#define PACKAGE_STRING ""
#define PACKAGE_BUGREPORT ""
#define PACKAGE "gnuplot-mode"
#define VERSION "0.6.0"

configure: exit 0
