[22-Oct-2009 17:19:39] PHP Warning:  Invalid argument supplied for foreach() in /home/pbouchard/public_html/php/kfm/admin/settings.php on line 7
[22-Oct-2009 17:19:39] PHP Warning:  in_array() expects parameter 2 to be array, boolean given in /home/pbouchard/public_html/php/kfm/admin/settings.php on line 72
[22-Oct-2009 17:19:39] PHP Warning:  in_array() expects parameter 2 to be array, boolean given in /home/pbouchard/public_html/php/kfm/admin/settings.php on line 72
[22-Oct-2009 17:19:39] PHP Warning:  in_array() expects parameter 2 to be array, boolean given in /home/pbouchard/public_html/php/kfm/admin/settings.php on line 72
[22-Oct-2009 17:19:39] PHP Warning:  in_array() expects parameter 2 to be array, boolean given in /home/pbouchard/public_html/php/kfm/admin/settings.php on line 72
[22-Oct-2009 17:19:39] PHP Warning:  in_array() expects parameter 2 to be array, boolean given in /home/pbouchard/public_html/php/kfm/admin/settings.php on line 72
[22-Oct-2009 17:19:39] PHP Warning:  in_array() expects parameter 2 to be array, boolean given in /home/pbouchard/public_html/php/kfm/admin/settings.php on line 72
[22-Oct-2009 17:19:39] PHP Warning:  in_array() expects parameter 2 to be array, boolean given in /home/pbouchard/public_html/php/kfm/admin/settings.php on line 72
[22-Oct-2009 17:19:39] PHP Warning:  in_array() expects parameter 2 to be array, boolean given in /home/pbouchard/public_html/php/kfm/admin/settings.php on line 72
[22-Oct-2009 17:19:39] PHP Warning:  in_array() expects parameter 2 to be array, boolean given in /home/pbouchard/public_html/php/kfm/admin/settings.php on line 72
[22-Oct-2009 17:19:39] PHP Warning:  in_array() expects parameter 2 to be array, boolean given in /home/pbouchard/public_html/php/kfm/admin/settings.php on line 72
[22-Oct-2009 17:19:39] PHP Warning:  in_array() expects parameter 2 to be array, boolean given in /home/pbouchard/public_html/php/kfm/admin/settings.php on line 72
[22-Oct-2009 17:19:39] PHP Warning:  in_array() expects parameter 2 to be array, boolean given in /home/pbouchard/public_html/php/kfm/admin/settings.php on line 72
[22-Oct-2009 17:19:39] PHP Warning:  in_array() expects parameter 2 to be array, boolean given in /home/pbouchard/public_html/php/kfm/admin/settings.php on line 72
[22-Oct-2009 17:19:39] PHP Warning:  in_array() expects parameter 2 to be array, boolean given in /home/pbouchard/public_html/php/kfm/admin/settings.php on line 72
[22-Oct-2009 17:19:39] PHP Warning:  in_array() expects parameter 2 to be array, boolean given in /home/pbouchard/public_html/php/kfm/admin/settings.php on line 72
[22-Oct-2009 17:19:39] PHP Warning:  in_array() expects parameter 2 to be array, boolean given in /home/pbouchard/public_html/php/kfm/admin/settings.php on line 72
[22-Oct-2009 17:19:39] PHP Warning:  in_array() expects parameter 2 to be array, boolean given in /home/pbouchard/public_html/php/kfm/admin/settings.php on line 72
[22-Oct-2009 17:19:39] PHP Warning:  in_array() expects parameter 2 to be array, boolean given in /home/pbouchard/public_html/php/kfm/admin/settings.php on line 72
[22-Oct-2009 17:19:39] PHP Warning:  in_array() expects parameter 2 to be array, boolean given in /home/pbouchard/public_html/php/kfm/admin/settings.php on line 72
[22-Oct-2009 17:19:39] PHP Warning:  in_array() expects parameter 2 to be array, boolean given in /home/pbouchard/public_html/php/kfm/admin/settings.php on line 72
[22-Oct-2009 17:19:39] PHP Warning:  in_array() expects parameter 2 to be array, boolean given in /home/pbouchard/public_html/php/kfm/admin/settings.php on line 72
[22-Oct-2009 17:19:39] PHP Warning:  in_array() expects parameter 2 to be array, boolean given in /home/pbouchard/public_html/php/kfm/admin/settings.php on line 72
[22-Oct-2009 17:19:39] PHP Warning:  in_array() expects parameter 2 to be array, boolean given in /home/pbouchard/public_html/php/kfm/admin/settings.php on line 72
[22-Oct-2009 17:19:39] PHP Warning:  in_array() expects parameter 2 to be array, boolean given in /home/pbouchard/public_html/php/kfm/admin/settings.php on line 72
[22-Oct-2009 17:19:39] PHP Warning:  in_array() expects parameter 2 to be array, boolean given in /home/pbouchard/public_html/php/kfm/admin/settings.php on line 72
[22-Oct-2009 17:19:39] PHP Warning:  in_array() expects parameter 2 to be array, boolean given in /home/pbouchard/public_html/php/kfm/admin/settings.php on line 72
[22-Oct-2009 17:19:39] PHP Warning:  in_array() expects parameter 2 to be array, boolean given in /home/pbouchard/public_html/php/kfm/admin/settings.php on line 72
[22-Oct-2009 17:19:39] PHP Warning:  in_array() expects parameter 2 to be array, boolean given in /home/pbouchard/public_html/php/kfm/admin/settings.php on line 72
[22-Oct-2009 17:19:39] PHP Warning:  in_array() expects parameter 2 to be array, boolean given in /home/pbouchard/public_html/php/kfm/admin/settings.php on line 72
[22-Oct-2009 17:19:39] PHP Warning:  in_array() expects parameter 2 to be array, boolean given in /home/pbouchard/public_html/php/kfm/admin/settings.php on line 72
[22-Oct-2009 17:19:39] PHP Warning:  in_array() expects parameter 2 to be array, boolean given in /home/pbouchard/public_html/php/kfm/admin/settings.php on line 72
[22-Oct-2009 17:19:39] PHP Warning:  in_array() expects parameter 2 to be array, boolean given in /home/pbouchard/public_html/php/kfm/admin/settings.php on line 72
[22-Oct-2009 17:19:39] PHP Warning:  in_array() expects parameter 2 to be array, boolean given in /home/pbouchard/public_html/php/kfm/admin/settings.php on line 72
[22-Oct-2009 17:19:39] PHP Warning:  in_array() expects parameter 2 to be array, boolean given in /home/pbouchard/public_html/php/kfm/admin/settings.php on line 72
[22-Oct-2009 17:19:39] PHP Warning:  in_array() expects parameter 2 to be array, boolean given in /home/pbouchard/public_html/php/kfm/admin/settings.php on line 72
[22-Oct-2009 17:19:40] PHP Warning:  in_array() expects parameter 2 to be array, boolean given in /home/pbouchard/public_html/php/kfm/admin/settings.php on line 72
[22-Oct-2009 17:19:40] PHP Warning:  in_array() expects parameter 2 to be array, boolean given in /home/pbouchard/public_html/php/kfm/admin/settings.php on line 72
[22-Oct-2009 17:19:40] PHP Warning:  in_array() expects parameter 2 to be array, boolean given in /home/pbouchard/public_html/php/kfm/admin/settings.php on line 72
[22-Oct-2009 17:19:40] PHP Warning:  in_array() expects parameter 2 to be array, boolean given in /home/pbouchard/public_html/php/kfm/admin/settings.php on line 72
[22-Oct-2009 17:19:40] PHP Warning:  in_array() expects parameter 2 to be array, boolean given in /home/pbouchard/public_html/php/kfm/admin/settings.php on line 72
[22-Oct-2009 17:19:40] PHP Warning:  in_array() expects parameter 2 to be array, boolean given in /home/pbouchard/public_html/php/kfm/admin/settings.php on line 72
[22-Oct-2009 17:19:40] PHP Warning:  in_array() expects parameter 2 to be array, boolean given in /home/pbouchard/public_html/php/kfm/admin/settings.php on line 72
[22-Oct-2009 17:19:40] PHP Warning:  in_array() expects parameter 2 to be array, boolean given in /home/pbouchard/public_html/php/kfm/admin/settings.php on line 72
[22-Oct-2009 17:19:40] PHP Warning:  in_array() expects parameter 2 to be array, boolean given in /home/pbouchard/public_html/php/kfm/admin/settings.php on line 72
[22-Oct-2009 17:19:40] PHP Warning:  in_array() expects parameter 2 to be array, boolean given in /home/pbouchard/public_html/php/kfm/admin/settings.php on line 72
[22-Oct-2009 17:19:40] PHP Warning:  in_array() expects parameter 2 to be array, boolean given in /home/pbouchard/public_html/php/kfm/admin/settings.php on line 72
[22-Oct-2009 17:19:40] PHP Warning:  in_array() expects parameter 2 to be array, boolean given in /home/pbouchard/public_html/php/kfm/admin/settings.php on line 72
[22-Oct-2009 17:19:40] PHP Warning:  in_array() expects parameter 2 to be array, boolean given in /home/pbouchard/public_html/php/kfm/admin/settings.php on line 72
[22-Oct-2009 17:19:40] PHP Warning:  in_array() expects parameter 2 to be array, boolean given in /home/pbouchard/public_html/php/kfm/admin/settings.php on line 72
[22-Oct-2009 17:19:40] PHP Warning:  in_array() expects parameter 2 to be array, boolean given in /home/pbouchard/public_html/php/kfm/admin/settings.php on line 72
[22-Oct-2009 17:19:40] PHP Warning:  in_array() expects parameter 2 to be array, boolean given in /home/pbouchard/public_html/php/kfm/admin/settings.php on line 72
[22-Oct-2009 17:19:40] PHP Warning:  in_array() expects parameter 2 to be array, boolean given in /home/pbouchard/public_html/php/kfm/admin/settings.php on line 72
[22-Oct-2009 17:19:40] PHP Warning:  in_array() expects parameter 2 to be array, boolean given in /home/pbouchard/public_html/php/kfm/admin/settings.php on line 72
[22-Oct-2009 17:19:40] PHP Warning:  in_array() expects parameter 2 to be array, boolean given in /home/pbouchard/public_html/php/kfm/admin/settings.php on line 72
[22-Oct-2009 17:19:40] PHP Warning:  in_array() expects parameter 2 to be array, boolean given in /home/pbouchard/public_html/php/kfm/admin/settings.php on line 72
[22-Oct-2009 17:19:40] PHP Warning:  in_array() expects parameter 2 to be array, boolean given in /home/pbouchard/public_html/php/kfm/admin/settings.php on line 72
[22-Oct-2009 17:19:40] PHP Warning:  in_array() expects parameter 2 to be array, boolean given in /home/pbouchard/public_html/php/kfm/admin/settings.php on line 72
[22-Oct-2009 17:19:40] PHP Warning:  in_array() expects parameter 2 to be array, boolean given in /home/pbouchard/public_html/php/kfm/admin/settings.php on line 72
[22-Oct-2009 17:19:40] PHP Warning:  in_array() expects parameter 2 to be array, boolean given in /home/pbouchard/public_html/php/kfm/admin/settings.php on line 72
[22-Oct-2009 17:19:40] PHP Warning:  in_array() expects parameter 2 to be array, boolean given in /home/pbouchard/public_html/php/kfm/admin/settings.php on line 72
[22-Oct-2009 17:20:31] PHP Fatal error:  Call to undefined function mysql_escape_string() in /home/pbouchard/public_html/php/kfm/admin/setting_change.php on line 23
[22-Oct-2009 17:20:36] PHP Fatal error:  Call to undefined function mysql_escape_string() in /home/pbouchard/public_html/php/kfm/admin/setting_change.php on line 23
[22-Oct-2009 17:20:51] PHP Fatal error:  Call to undefined function mysql_escape_string() in /home/pbouchard/public_html/php/kfm/admin/setting_change.php on line 23
[22-Oct-2009 17:20:57] PHP Fatal error:  Call to undefined function mysql_escape_string() in /home/pbouchard/public_html/php/kfm/admin/setting_change.php on line 23
[22-Oct-2009 17:20:59] PHP Fatal error:  Call to undefined function mysql_escape_string() in /home/pbouchard/public_html/php/kfm/admin/setting_change.php on line 23
[22-Oct-2009 17:21:00] PHP Fatal error:  Call to undefined function mysql_escape_string() in /home/pbouchard/public_html/php/kfm/admin/setting_change.php on line 23
[22-Oct-2009 17:21:19] PHP Fatal error:  Call to undefined function mysql_escape_string() in /home/pbouchard/public_html/php/kfm/admin/setting_change.php on line 23
[22-Oct-2009 17:21:24] PHP Fatal error:  Call to undefined function mysql_escape_string() in /home/pbouchard/public_html/php/kfm/admin/setting_change.php on line 23
[22-Oct-2009 17:21:32] PHP Fatal error:  Call to undefined function mysql_escape_string() in /home/pbouchard/public_html/php/kfm/admin/setting_change.php on line 23
[22-Oct-2009 17:22:24] PHP Fatal error:  Call to undefined function mysql_escape_string() in /home/pbouchard/public_html/php/kfm/admin/setting_change.php on line 23
[22-Oct-2009 17:22:56] PHP Warning:  Invalid argument supplied for foreach() in /home/pbouchard/public_html/php/kfm/admin/settings.php on line 7
[22-Oct-2009 17:22:56] PHP Warning:  in_array() expects parameter 2 to be array, boolean given in /home/pbouchard/public_html/php/kfm/admin/settings.php on line 72
[22-Oct-2009 17:22:56] PHP Warning:  in_array() expects parameter 2 to be array, boolean given in /home/pbouchard/public_html/php/kfm/admin/settings.php on line 72
[22-Oct-2009 17:22:56] PHP Warning:  in_array() expects parameter 2 to be array, boolean given in /home/pbouchard/public_html/php/kfm/admin/settings.php on line 72
[22-Oct-2009 17:22:56] PHP Warning:  in_array() expects parameter 2 to be array, boolean given in /home/pbouchard/public_html/php/kfm/admin/settings.php on line 72
[22-Oct-2009 17:22:56] PHP Warning:  in_array() expects parameter 2 to be array, boolean given in /home/pbouchard/public_html/php/kfm/admin/settings.php on line 72
[22-Oct-2009 17:22:56] PHP Warning:  in_array() expects parameter 2 to be array, boolean given in /home/pbouchard/public_html/php/kfm/admin/settings.php on line 72
[22-Oct-2009 17:22:56] PHP Warning:  in_array() expects parameter 2 to be array, boolean given in /home/pbouchard/public_html/php/kfm/admin/settings.php on line 72
[22-Oct-2009 17:22:56] PHP Warning:  in_array() expects parameter 2 to be array, boolean given in /home/pbouchard/public_html/php/kfm/admin/settings.php on line 72
[22-Oct-2009 17:22:56] PHP Warning:  in_array() expects parameter 2 to be array, boolean given in /home/pbouchard/public_html/php/kfm/admin/settings.php on line 72
[22-Oct-2009 17:22:56] PHP Warning:  in_array() expects parameter 2 to be array, boolean given in /home/pbouchard/public_html/php/kfm/admin/settings.php on line 72
[22-Oct-2009 17:22:56] PHP Warning:  in_array() expects parameter 2 to be array, boolean given in /home/pbouchard/public_html/php/kfm/admin/settings.php on line 72
[22-Oct-2009 17:22:56] PHP Warning:  in_array() expects parameter 2 to be array, boolean given in /home/pbouchard/public_html/php/kfm/admin/settings.php on line 72
[22-Oct-2009 17:22:56] PHP Warning:  in_array() expects parameter 2 to be array, boolean given in /home/pbouchard/public_html/php/kfm/admin/settings.php on line 72
[22-Oct-2009 17:22:56] PHP Warning:  in_array() expects parameter 2 to be array, boolean given in /home/pbouchard/public_html/php/kfm/admin/settings.php on line 72
[22-Oct-2009 17:22:56] PHP Warning:  in_array() expects parameter 2 to be array, boolean given in /home/pbouchard/public_html/php/kfm/admin/settings.php on line 72
[22-Oct-2009 17:22:56] PHP Warning:  in_array() expects parameter 2 to be array, boolean given in /home/pbouchard/public_html/php/kfm/admin/settings.php on line 72
[22-Oct-2009 17:22:56] PHP Warning:  in_array() expects parameter 2 to be array, boolean given in /home/pbouchard/public_html/php/kfm/admin/settings.php on line 72
[22-Oct-2009 17:22:56] PHP Warning:  in_array() expects parameter 2 to be array, boolean given in /home/pbouchard/public_html/php/kfm/admin/settings.php on line 72
[22-Oct-2009 17:22:56] PHP Warning:  in_array() expects parameter 2 to be array, boolean given in /home/pbouchard/public_html/php/kfm/admin/settings.php on line 72
[22-Oct-2009 17:22:56] PHP Warning:  in_array() expects parameter 2 to be array, boolean given in /home/pbouchard/public_html/php/kfm/admin/settings.php on line 72
[22-Oct-2009 17:22:56] PHP Warning:  in_array() expects parameter 2 to be array, boolean given in /home/pbouchard/public_html/php/kfm/admin/settings.php on line 72
[22-Oct-2009 17:22:56] PHP Warning:  in_array() expects parameter 2 to be array, boolean given in /home/pbouchard/public_html/php/kfm/admin/settings.php on line 72
[22-Oct-2009 17:22:56] PHP Warning:  in_array() expects parameter 2 to be array, boolean given in /home/pbouchard/public_html/php/kfm/admin/settings.php on line 72
[22-Oct-2009 17:22:56] PHP Warning:  in_array() expects parameter 2 to be array, boolean given in /home/pbouchard/public_html/php/kfm/admin/settings.php on line 72
[22-Oct-2009 17:22:56] PHP Warning:  in_array() expects parameter 2 to be array, boolean given in /home/pbouchard/public_html/php/kfm/admin/settings.php on line 72
[22-Oct-2009 17:22:56] PHP Warning:  in_array() expects parameter 2 to be array, boolean given in /home/pbouchard/public_html/php/kfm/admin/settings.php on line 72
[22-Oct-2009 17:22:56] PHP Warning:  in_array() expects parameter 2 to be array, boolean given in /home/pbouchard/public_html/php/kfm/admin/settings.php on line 72
[22-Oct-2009 17:22:56] PHP Warning:  in_array() expects parameter 2 to be array, boolean given in /home/pbouchard/public_html/php/kfm/admin/settings.php on line 72
[22-Oct-2009 17:22:56] PHP Warning:  in_array() expects parameter 2 to be array, boolean given in /home/pbouchard/public_html/php/kfm/admin/settings.php on line 72
[22-Oct-2009 17:22:56] PHP Warning:  in_array() expects parameter 2 to be array, boolean given in /home/pbouchard/public_html/php/kfm/admin/settings.php on line 72
[22-Oct-2009 17:22:56] PHP Warning:  in_array() expects parameter 2 to be array, boolean given in /home/pbouchard/public_html/php/kfm/admin/settings.php on line 72
[22-Oct-2009 17:22:56] PHP Warning:  in_array() expects parameter 2 to be array, boolean given in /home/pbouchard/public_html/php/kfm/admin/settings.php on line 72
[22-Oct-2009 17:22:56] PHP Warning:  in_array() expects parameter 2 to be array, boolean given in /home/pbouchard/public_html/php/kfm/admin/settings.php on line 72
[22-Oct-2009 17:22:56] PHP Warning:  in_array() expects parameter 2 to be array, boolean given in /home/pbouchard/public_html/php/kfm/admin/settings.php on line 72
[22-Oct-2009 17:22:56] PHP Warning:  in_array() expects parameter 2 to be array, boolean given in /home/pbouchard/public_html/php/kfm/admin/settings.php on line 72
[22-Oct-2009 17:22:56] PHP Warning:  in_array() expects parameter 2 to be array, boolean given in /home/pbouchard/public_html/php/kfm/admin/settings.php on line 72
[22-Oct-2009 17:22:56] PHP Warning:  in_array() expects parameter 2 to be array, boolean given in /home/pbouchard/public_html/php/kfm/admin/settings.php on line 72
[22-Oct-2009 17:22:56] PHP Warning:  in_array() expects parameter 2 to be array, boolean given in /home/pbouchard/public_html/php/kfm/admin/settings.php on line 72
[22-Oct-2009 17:22:56] PHP Warning:  in_array() expects parameter 2 to be array, boolean given in /home/pbouchard/public_html/php/kfm/admin/settings.php on line 72
[22-Oct-2009 17:22:56] PHP Warning:  in_array() expects parameter 2 to be array, boolean given in /home/pbouchard/public_html/php/kfm/admin/settings.php on line 72
[22-Oct-2009 17:22:56] PHP Warning:  in_array() expects parameter 2 to be array, boolean given in /home/pbouchard/public_html/php/kfm/admin/settings.php on line 72
[22-Oct-2009 17:22:56] PHP Warning:  in_array() expects parameter 2 to be array, boolean given in /home/pbouchard/public_html/php/kfm/admin/settings.php on line 72
[22-Oct-2009 17:22:56] PHP Warning:  in_array() expects parameter 2 to be array, boolean given in /home/pbouchard/public_html/php/kfm/admin/settings.php on line 72
[22-Oct-2009 17:22:56] PHP Warning:  in_array() expects parameter 2 to be array, boolean given in /home/pbouchard/public_html/php/kfm/admin/settings.php on line 72
[22-Oct-2009 17:22:56] PHP Warning:  in_array() expects parameter 2 to be array, boolean given in /home/pbouchard/public_html/php/kfm/admin/settings.php on line 72
[22-Oct-2009 17:22:56] PHP Warning:  in_array() expects parameter 2 to be array, boolean given in /home/pbouchard/public_html/php/kfm/admin/settings.php on line 72
[22-Oct-2009 17:22:56] PHP Warning:  in_array() expects parameter 2 to be array, boolean given in /home/pbouchard/public_html/php/kfm/admin/settings.php on line 72
[22-Oct-2009 17:22:56] PHP Warning:  in_array() expects parameter 2 to be array, boolean given in /home/pbouchard/public_html/php/kfm/admin/settings.php on line 72
[22-Oct-2009 17:22:56] PHP Warning:  in_array() expects parameter 2 to be array, boolean given in /home/pbouchard/public_html/php/kfm/admin/settings.php on line 72
[22-Oct-2009 17:22:56] PHP Warning:  in_array() expects parameter 2 to be array, boolean given in /home/pbouchard/public_html/php/kfm/admin/settings.php on line 72
[22-Oct-2009 17:22:56] PHP Warning:  in_array() expects parameter 2 to be array, boolean given in /home/pbouchard/public_html/php/kfm/admin/settings.php on line 72
[22-Oct-2009 17:22:56] PHP Warning:  in_array() expects parameter 2 to be array, boolean given in /home/pbouchard/public_html/php/kfm/admin/settings.php on line 72
[22-Oct-2009 17:22:56] PHP Warning:  in_array() expects parameter 2 to be array, boolean given in /home/pbouchard/public_html/php/kfm/admin/settings.php on line 72
[22-Oct-2009 17:22:56] PHP Warning:  in_array() expects parameter 2 to be array, boolean given in /home/pbouchard/public_html/php/kfm/admin/settings.php on line 72
[22-Oct-2009 17:22:56] PHP Warning:  in_array() expects parameter 2 to be array, boolean given in /home/pbouchard/public_html/php/kfm/admin/settings.php on line 72
[22-Oct-2009 17:22:56] PHP Warning:  in_array() expects parameter 2 to be array, boolean given in /home/pbouchard/public_html/php/kfm/admin/settings.php on line 72
[22-Oct-2009 17:22:56] PHP Warning:  in_array() expects parameter 2 to be array, boolean given in /home/pbouchard/public_html/php/kfm/admin/settings.php on line 72
[22-Oct-2009 17:22:56] PHP Warning:  in_array() expects parameter 2 to be array, boolean given in /home/pbouchard/public_html/php/kfm/admin/settings.php on line 72
[22-Oct-2009 17:22:56] PHP Warning:  in_array() expects parameter 2 to be array, boolean given in /home/pbouchard/public_html/php/kfm/admin/settings.php on line 72
[22-Oct-2009 17:22:56] PHP Warning:  in_array() expects parameter 2 to be array, boolean given in /home/pbouchard/public_html/php/kfm/admin/settings.php on line 72
[22-Oct-2009 17:23:04] PHP Fatal error:  Call to undefined function mysql_escape_string() in /home/pbouchard/public_html/php/kfm/admin/setting_change.php on line 23
[22-Oct-2009 17:23:10] PHP Fatal error:  Call to undefined function mysql_escape_string() in /home/pbouchard/public_html/php/kfm/admin/setting_change.php on line 23
[22-Oct-2009 17:23:11] PHP Fatal error:  Call to undefined function mysql_escape_string() in /home/pbouchard/public_html/php/kfm/admin/setting_change.php on line 23
[22-Oct-2009 17:23:13] PHP Fatal error:  Call to undefined function mysql_escape_string() in /home/pbouchard/public_html/php/kfm/admin/setting_change.php on line 23
[22-Oct-2009 17:23:17] PHP Fatal error:  Call to undefined function mysql_escape_string() in /home/pbouchard/public_html/php/kfm/admin/setting_change.php on line 23
[22-Oct-2009 17:23:23] PHP Fatal error:  Call to undefined function mysql_escape_string() in /home/pbouchard/public_html/php/kfm/admin/setting_change.php on line 23
[22-Oct-2009 17:23:24] PHP Fatal error:  Call to undefined function mysql_escape_string() in /home/pbouchard/public_html/php/kfm/admin/setting_change.php on line 23
[22-Oct-2009 17:23:29] PHP Fatal error:  Call to undefined function mysql_escape_string() in /home/pbouchard/public_html/php/kfm/admin/setting_change.php on line 23
[22-Oct-2009 17:23:38] PHP Fatal error:  Call to undefined function mysql_escape_string() in /home/pbouchard/public_html/php/kfm/admin/setting_change.php on line 23
[22-Oct-2009 17:24:16] PHP Warning:  Invalid argument supplied for foreach() in /home/pbouchard/public_html/php/kfm/admin/associations.php on line 66
[22-Oct-2009 17:24:20] PHP Warning:  Invalid argument supplied for foreach() in /home/pbouchard/public_html/php/kfm/admin/settings.php on line 7
[22-Oct-2009 17:24:20] PHP Warning:  in_array() expects parameter 2 to be array, boolean given in /home/pbouchard/public_html/php/kfm/admin/settings.php on line 72
[22-Oct-2009 17:24:20] PHP Warning:  in_array() expects parameter 2 to be array, boolean given in /home/pbouchard/public_html/php/kfm/admin/settings.php on line 72
[22-Oct-2009 17:24:20] PHP Warning:  in_array() expects parameter 2 to be array, boolean given in /home/pbouchard/public_html/php/kfm/admin/settings.php on line 72
[22-Oct-2009 17:24:20] PHP Warning:  in_array() expects parameter 2 to be array, boolean given in /home/pbouchard/public_html/php/kfm/admin/settings.php on line 72
[22-Oct-2009 17:24:20] PHP Warning:  in_array() expects parameter 2 to be array, boolean given in /home/pbouchard/public_html/php/kfm/admin/settings.php on line 72
[22-Oct-2009 17:24:20] PHP Warning:  in_array() expects parameter 2 to be array, boolean given in /home/pbouchard/public_html/php/kfm/admin/settings.php on line 72
[22-Oct-2009 17:24:20] PHP Warning:  in_array() expects parameter 2 to be array, boolean given in /home/pbouchard/public_html/php/kfm/admin/settings.php on line 72
[22-Oct-2009 17:24:20] PHP Warning:  in_array() expects parameter 2 to be array, boolean given in /home/pbouchard/public_html/php/kfm/admin/settings.php on line 72
[22-Oct-2009 17:24:21] PHP Warning:  in_array() expects parameter 2 to be array, boolean given in /home/pbouchard/public_html/php/kfm/admin/settings.php on line 72
[22-Oct-2009 17:24:21] PHP Warning:  in_array() expects parameter 2 to be array, boolean given in /home/pbouchard/public_html/php/kfm/admin/settings.php on line 72
[22-Oct-2009 17:24:21] PHP Warning:  in_array() expects parameter 2 to be array, boolean given in /home/pbouchard/public_html/php/kfm/admin/settings.php on line 72
[22-Oct-2009 17:24:21] PHP Warning:  in_array() expects parameter 2 to be array, boolean given in /home/pbouchard/public_html/php/kfm/admin/settings.php on line 72
[22-Oct-2009 17:24:21] PHP Warning:  in_array() expects parameter 2 to be array, boolean given in /home/pbouchard/public_html/php/kfm/admin/settings.php on line 72
[22-Oct-2009 17:24:21] PHP Warning:  in_array() expects parameter 2 to be array, boolean given in /home/pbouchard/public_html/php/kfm/admin/settings.php on line 72
[22-Oct-2009 17:24:21] PHP Warning:  in_array() expects parameter 2 to be array, boolean given in /home/pbouchard/public_html/php/kfm/admin/settings.php on line 72
[22-Oct-2009 17:24:21] PHP Warning:  in_array() expects parameter 2 to be array, boolean given in /home/pbouchard/public_html/php/kfm/admin/settings.php on line 72
[22-Oct-2009 17:24:21] PHP Warning:  in_array() expects parameter 2 to be array, boolean given in /home/pbouchard/public_html/php/kfm/admin/settings.php on line 72
[22-Oct-2009 17:24:21] PHP Warning:  in_array() expects parameter 2 to be array, boolean given in /home/pbouchard/public_html/php/kfm/admin/settings.php on line 72
[22-Oct-2009 17:24:21] PHP Warning:  in_array() expects parameter 2 to be array, boolean given in /home/pbouchard/public_html/php/kfm/admin/settings.php on line 72
[22-Oct-2009 17:24:21] PHP Warning:  in_array() expects parameter 2 to be array, boolean given in /home/pbouchard/public_html/php/kfm/admin/settings.php on line 72
[22-Oct-2009 17:24:21] PHP Warning:  in_array() expects parameter 2 to be array, boolean given in /home/pbouchard/public_html/php/kfm/admin/settings.php on line 72
[22-Oct-2009 17:24:21] PHP Warning:  in_array() expects parameter 2 to be array, boolean given in /home/pbouchard/public_html/php/kfm/admin/settings.php on line 72
[22-Oct-2009 17:24:21] PHP Warning:  in_array() expects parameter 2 to be array, boolean given in /home/pbouchard/public_html/php/kfm/admin/settings.php on line 72
[22-Oct-2009 17:24:21] PHP Warning:  in_array() expects parameter 2 to be array, boolean given in /home/pbouchard/public_html/php/kfm/admin/settings.php on line 72
[22-Oct-2009 17:24:21] PHP Warning:  in_array() expects parameter 2 to be array, boolean given in /home/pbouchard/public_html/php/kfm/admin/settings.php on line 72
[22-Oct-2009 17:24:21] PHP Warning:  in_array() expects parameter 2 to be array, boolean given in /home/pbouchard/public_html/php/kfm/admin/settings.php on line 72
[22-Oct-2009 17:24:21] PHP Warning:  in_array() expects parameter 2 to be array, boolean given in /home/pbouchard/public_html/php/kfm/admin/settings.php on line 72
[22-Oct-2009 17:24:21] PHP Warning:  in_array() expects parameter 2 to be array, boolean given in /home/pbouchard/public_html/php/kfm/admin/settings.php on line 72
[22-Oct-2009 17:24:21] PHP Warning:  in_array() expects parameter 2 to be array, boolean given in /home/pbouchard/public_html/php/kfm/admin/settings.php on line 72
[22-Oct-2009 17:24:21] PHP Warning:  in_array() expects parameter 2 to be array, boolean given in /home/pbouchard/public_html/php/kfm/admin/settings.php on line 72
[22-Oct-2009 17:24:21] PHP Warning:  in_array() expects parameter 2 to be array, boolean given in /home/pbouchard/public_html/php/kfm/admin/settings.php on line 72
[22-Oct-2009 17:24:21] PHP Warning:  in_array() expects parameter 2 to be array, boolean given in /home/pbouchard/public_html/php/kfm/admin/settings.php on line 72
[22-Oct-2009 17:24:21] PHP Warning:  in_array() expects parameter 2 to be array, boolean given in /home/pbouchard/public_html/php/kfm/admin/settings.php on line 72
[22-Oct-2009 17:24:21] PHP Warning:  in_array() expects parameter 2 to be array, boolean given in /home/pbouchard/public_html/php/kfm/admin/settings.php on line 72
[22-Oct-2009 17:24:21] PHP Warning:  in_array() expects parameter 2 to be array, boolean given in /home/pbouchard/public_html/php/kfm/admin/settings.php on line 72
[22-Oct-2009 17:24:21] PHP Warning:  in_array() expects parameter 2 to be array, boolean given in /home/pbouchard/public_html/php/kfm/admin/settings.php on line 72
[22-Oct-2009 17:24:21] PHP Warning:  in_array() expects parameter 2 to be array, boolean given in /home/pbouchard/public_html/php/kfm/admin/settings.php on line 72
[22-Oct-2009 17:24:21] PHP Warning:  in_array() expects parameter 2 to be array, boolean given in /home/pbouchard/public_html/php/kfm/admin/settings.php on line 72
[22-Oct-2009 17:24:21] PHP Warning:  in_array() expects parameter 2 to be array, boolean given in /home/pbouchard/public_html/php/kfm/admin/settings.php on line 72
[22-Oct-2009 17:24:21] PHP Warning:  in_array() expects parameter 2 to be array, boolean given in /home/pbouchard/public_html/php/kfm/admin/settings.php on line 72
[22-Oct-2009 17:24:21] PHP Warning:  in_array() expects parameter 2 to be array, boolean given in /home/pbouchard/public_html/php/kfm/admin/settings.php on line 72
[22-Oct-2009 17:24:21] PHP Warning:  in_array() expects parameter 2 to be array, boolean given in /home/pbouchard/public_html/php/kfm/admin/settings.php on line 72
[22-Oct-2009 17:24:21] PHP Warning:  in_array() expects parameter 2 to be array, boolean given in /home/pbouchard/public_html/php/kfm/admin/settings.php on line 72
[22-Oct-2009 17:24:21] PHP Warning:  in_array() expects parameter 2 to be array, boolean given in /home/pbouchard/public_html/php/kfm/admin/settings.php on line 72
[22-Oct-2009 17:24:21] PHP Warning:  in_array() expects parameter 2 to be array, boolean given in /home/pbouchard/public_html/php/kfm/admin/settings.php on line 72
[22-Oct-2009 17:24:21] PHP Warning:  in_array() expects parameter 2 to be array, boolean given in /home/pbouchard/public_html/php/kfm/admin/settings.php on line 72
[22-Oct-2009 17:24:21] PHP Warning:  in_array() expects parameter 2 to be array, boolean given in /home/pbouchard/public_html/php/kfm/admin/settings.php on line 72
[22-Oct-2009 17:24:21] PHP Warning:  in_array() expects parameter 2 to be array, boolean given in /home/pbouchard/public_html/php/kfm/admin/settings.php on line 72
[22-Oct-2009 17:24:21] PHP Warning:  in_array() expects parameter 2 to be array, boolean given in /home/pbouchard/public_html/php/kfm/admin/settings.php on line 72
[22-Oct-2009 17:24:21] PHP Warning:  in_array() expects parameter 2 to be array, boolean given in /home/pbouchard/public_html/php/kfm/admin/settings.php on line 72
[22-Oct-2009 17:24:21] PHP Warning:  in_array() expects parameter 2 to be array, boolean given in /home/pbouchard/public_html/php/kfm/admin/settings.php on line 72
[22-Oct-2009 17:24:21] PHP Warning:  in_array() expects parameter 2 to be array, boolean given in /home/pbouchard/public_html/php/kfm/admin/settings.php on line 72
[22-Oct-2009 17:24:21] PHP Warning:  in_array() expects parameter 2 to be array, boolean given in /home/pbouchard/public_html/php/kfm/admin/settings.php on line 72
[22-Oct-2009 17:24:21] PHP Warning:  in_array() expects parameter 2 to be array, boolean given in /home/pbouchard/public_html/php/kfm/admin/settings.php on line 72
[22-Oct-2009 17:24:21] PHP Warning:  in_array() expects parameter 2 to be array, boolean given in /home/pbouchard/public_html/php/kfm/admin/settings.php on line 72
[22-Oct-2009 17:24:21] PHP Warning:  in_array() expects parameter 2 to be array, boolean given in /home/pbouchard/public_html/php/kfm/admin/settings.php on line 72
[22-Oct-2009 17:24:21] PHP Warning:  in_array() expects parameter 2 to be array, boolean given in /home/pbouchard/public_html/php/kfm/admin/settings.php on line 72
[22-Oct-2009 17:24:21] PHP Warning:  in_array() expects parameter 2 to be array, boolean given in /home/pbouchard/public_html/php/kfm/admin/settings.php on line 72
[22-Oct-2009 17:24:21] PHP Warning:  in_array() expects parameter 2 to be array, boolean given in /home/pbouchard/public_html/php/kfm/admin/settings.php on line 72
[22-Oct-2009 17:24:21] PHP Warning:  in_array() expects parameter 2 to be array, boolean given in /home/pbouchard/public_html/php/kfm/admin/settings.php on line 72
[22-Oct-2009 17:28:09] PHP Warning:  Invalid argument supplied for foreach() in /home/pbouchard/public_html/php/kfm/admin/settings.php on line 7
[22-Oct-2009 17:28:09] PHP Warning:  in_array() expects parameter 2 to be array, boolean given in /home/pbouchard/public_html/php/kfm/admin/settings.php on line 72
[22-Oct-2009 17:28:09] PHP Warning:  in_array() expects parameter 2 to be array, boolean given in /home/pbouchard/public_html/php/kfm/admin/settings.php on line 72
[22-Oct-2009 17:28:09] PHP Warning:  in_array() expects parameter 2 to be array, boolean given in /home/pbouchard/public_html/php/kfm/admin/settings.php on line 72
[22-Oct-2009 17:28:09] PHP Warning:  in_array() expects parameter 2 to be array, boolean given in /home/pbouchard/public_html/php/kfm/admin/settings.php on line 72
[22-Oct-2009 17:28:09] PHP Warning:  in_array() expects parameter 2 to be array, boolean given in /home/pbouchard/public_html/php/kfm/admin/settings.php on line 72
[22-Oct-2009 17:28:09] PHP Warning:  in_array() expects parameter 2 to be array, boolean given in /home/pbouchard/public_html/php/kfm/admin/settings.php on line 72
[22-Oct-2009 17:28:09] PHP Warning:  in_array() expects parameter 2 to be array, boolean given in /home/pbouchard/public_html/php/kfm/admin/settings.php on line 72
[22-Oct-2009 17:28:09] PHP Warning:  in_array() expects parameter 2 to be array, boolean given in /home/pbouchard/public_html/php/kfm/admin/settings.php on line 72
[22-Oct-2009 17:28:09] PHP Warning:  in_array() expects parameter 2 to be array, boolean given in /home/pbouchard/public_html/php/kfm/admin/settings.php on line 72
[22-Oct-2009 17:28:09] PHP Warning:  in_array() expects parameter 2 to be array, boolean given in /home/pbouchard/public_html/php/kfm/admin/settings.php on line 72
[22-Oct-2009 17:28:09] PHP Warning:  in_array() expects parameter 2 to be array, boolean given in /home/pbouchard/public_html/php/kfm/admin/settings.php on line 72
[22-Oct-2009 17:28:09] PHP Warning:  in_array() expects parameter 2 to be array, boolean given in /home/pbouchard/public_html/php/kfm/admin/settings.php on line 72
[22-Oct-2009 17:28:09] PHP Warning:  in_array() expects parameter 2 to be array, boolean given in /home/pbouchard/public_html/php/kfm/admin/settings.php on line 72
[22-Oct-2009 17:28:09] PHP Warning:  in_array() expects parameter 2 to be array, boolean given in /home/pbouchard/public_html/php/kfm/admin/settings.php on line 72
[22-Oct-2009 17:28:09] PHP Warning:  in_array() expects parameter 2 to be array, boolean given in /home/pbouchard/public_html/php/kfm/admin/settings.php on line 72
[22-Oct-2009 17:28:09] PHP Warning:  in_array() expects parameter 2 to be array, boolean given in /home/pbouchard/public_html/php/kfm/admin/settings.php on line 72
[22-Oct-2009 17:28:09] PHP Warning:  in_array() expects parameter 2 to be array, boolean given in /home/pbouchard/public_html/php/kfm/admin/settings.php on line 72
[22-Oct-2009 17:28:09] PHP Warning:  in_array() expects parameter 2 to be array, boolean given in /home/pbouchard/public_html/php/kfm/admin/settings.php on line 72
[22-Oct-2009 17:28:09] PHP Warning:  in_array() expects parameter 2 to be array, boolean given in /home/pbouchard/public_html/php/kfm/admin/settings.php on line 72
[22-Oct-2009 17:28:09] PHP Warning:  in_array() expects parameter 2 to be array, boolean given in /home/pbouchard/public_html/php/kfm/admin/settings.php on line 72
[22-Oct-2009 17:28:09] PHP Warning:  in_array() expects parameter 2 to be array, boolean given in /home/pbouchard/public_html/php/kfm/admin/settings.php on line 72
[22-Oct-2009 17:28:09] PHP Warning:  in_array() expects parameter 2 to be array, boolean given in /home/pbouchard/public_html/php/kfm/admin/settings.php on line 72
[22-Oct-2009 17:28:09] PHP Warning:  in_array() expects parameter 2 to be array, boolean given in /home/pbouchard/public_html/php/kfm/admin/settings.php on line 72
[22-Oct-2009 17:28:09] PHP Warning:  in_array() expects parameter 2 to be array, boolean given in /home/pbouchard/public_html/php/kfm/admin/settings.php on line 72
[22-Oct-2009 17:28:09] PHP Warning:  in_array() expects parameter 2 to be array, boolean given in /home/pbouchard/public_html/php/kfm/admin/settings.php on line 72
[22-Oct-2009 17:28:09] PHP Warning:  in_array() expects parameter 2 to be array, boolean given in /home/pbouchard/public_html/php/kfm/admin/settings.php on line 72
[22-Oct-2009 17:28:09] PHP Warning:  in_array() expects parameter 2 to be array, boolean given in /home/pbouchard/public_html/php/kfm/admin/settings.php on line 72
[22-Oct-2009 17:28:09] PHP Warning:  in_array() expects parameter 2 to be array, boolean given in /home/pbouchard/public_html/php/kfm/admin/settings.php on line 72
[22-Oct-2009 17:28:09] PHP Warning:  in_array() expects parameter 2 to be array, boolean given in /home/pbouchard/public_html/php/kfm/admin/settings.php on line 72
[22-Oct-2009 17:28:09] PHP Warning:  in_array() expects parameter 2 to be array, boolean given in /home/pbouchard/public_html/php/kfm/admin/settings.php on line 72
[22-Oct-2009 17:28:09] PHP Warning:  in_array() expects parameter 2 to be array, boolean given in /home/pbouchard/public_html/php/kfm/admin/settings.php on line 72
[22-Oct-2009 17:28:09] PHP Warning:  in_array() expects parameter 2 to be array, boolean given in /home/pbouchard/public_html/php/kfm/admin/settings.php on line 72
[22-Oct-2009 17:28:09] PHP Warning:  in_array() expects parameter 2 to be array, boolean given in /home/pbouchard/public_html/php/kfm/admin/settings.php on line 72
[22-Oct-2009 17:28:09] PHP Warning:  in_array() expects parameter 2 to be array, boolean given in /home/pbouchard/public_html/php/kfm/admin/settings.php on line 72
[22-Oct-2009 17:28:09] PHP Warning:  in_array() expects parameter 2 to be array, boolean given in /home/pbouchard/public_html/php/kfm/admin/settings.php on line 72
[22-Oct-2009 17:28:09] PHP Warning:  in_array() expects parameter 2 to be array, boolean given in /home/pbouchard/public_html/php/kfm/admin/settings.php on line 72
[22-Oct-2009 17:28:09] PHP Warning:  in_array() expects parameter 2 to be array, boolean given in /home/pbouchard/public_html/php/kfm/admin/settings.php on line 72
[22-Oct-2009 17:28:09] PHP Warning:  in_array() expects parameter 2 to be array, boolean given in /home/pbouchard/public_html/php/kfm/admin/settings.php on line 72
[22-Oct-2009 17:28:09] PHP Warning:  in_array() expects parameter 2 to be array, boolean given in /home/pbouchard/public_html/php/kfm/admin/settings.php on line 72
[22-Oct-2009 17:28:09] PHP Warning:  in_array() expects parameter 2 to be array, boolean given in /home/pbouchard/public_html/php/kfm/admin/settings.php on line 72
[22-Oct-2009 17:28:09] PHP Warning:  in_array() expects parameter 2 to be array, boolean given in /home/pbouchard/public_html/php/kfm/admin/settings.php on line 72
[22-Oct-2009 17:28:09] PHP Warning:  in_array() expects parameter 2 to be array, boolean given in /home/pbouchard/public_html/php/kfm/admin/settings.php on line 72
[22-Oct-2009 17:28:10] PHP Warning:  in_array() expects parameter 2 to be array, boolean given in /home/pbouchard/public_html/php/kfm/admin/settings.php on line 72
[22-Oct-2009 17:28:10] PHP Warning:  in_array() expects parameter 2 to be array, boolean given in /home/pbouchard/public_html/php/kfm/admin/settings.php on line 72
[22-Oct-2009 17:28:10] PHP Warning:  in_array() expects parameter 2 to be array, boolean given in /home/pbouchard/public_html/php/kfm/admin/settings.php on line 72
[22-Oct-2009 17:28:10] PHP Warning:  in_array() expects parameter 2 to be array, boolean given in /home/pbouchard/public_html/php/kfm/admin/settings.php on line 72
[22-Oct-2009 17:28:10] PHP Warning:  in_array() expects parameter 2 to be array, boolean given in /home/pbouchard/public_html/php/kfm/admin/settings.php on line 72
[22-Oct-2009 17:28:10] PHP Warning:  in_array() expects parameter 2 to be array, boolean given in /home/pbouchard/public_html/php/kfm/admin/settings.php on line 72
[22-Oct-2009 17:28:10] PHP Warning:  in_array() expects parameter 2 to be array, boolean given in /home/pbouchard/public_html/php/kfm/admin/settings.php on line 72
[22-Oct-2009 17:28:10] PHP Warning:  in_array() expects parameter 2 to be array, boolean given in /home/pbouchard/public_html/php/kfm/admin/settings.php on line 72
[22-Oct-2009 17:28:10] PHP Warning:  in_array() expects parameter 2 to be array, boolean given in /home/pbouchard/public_html/php/kfm/admin/settings.php on line 72
[22-Oct-2009 17:28:10] PHP Warning:  in_array() expects parameter 2 to be array, boolean given in /home/pbouchard/public_html/php/kfm/admin/settings.php on line 72
[22-Oct-2009 17:28:10] PHP Warning:  in_array() expects parameter 2 to be array, boolean given in /home/pbouchard/public_html/php/kfm/admin/settings.php on line 72
[22-Oct-2009 17:28:10] PHP Warning:  in_array() expects parameter 2 to be array, boolean given in /home/pbouchard/public_html/php/kfm/admin/settings.php on line 72
[22-Oct-2009 17:28:10] PHP Warning:  in_array() expects parameter 2 to be array, boolean given in /home/pbouchard/public_html/php/kfm/admin/settings.php on line 72
[22-Oct-2009 17:28:10] PHP Warning:  in_array() expects parameter 2 to be array, boolean given in /home/pbouchard/public_html/php/kfm/admin/settings.php on line 72
[22-Oct-2009 17:28:10] PHP Warning:  in_array() expects parameter 2 to be array, boolean given in /home/pbouchard/public_html/php/kfm/admin/settings.php on line 72
[22-Oct-2009 17:28:10] PHP Warning:  in_array() expects parameter 2 to be array, boolean given in /home/pbouchard/public_html/php/kfm/admin/settings.php on line 72
[22-Oct-2009 17:28:10] PHP Warning:  in_array() expects parameter 2 to be array, boolean given in /home/pbouchard/public_html/php/kfm/admin/settings.php on line 72
[22-Oct-2009 17:28:10] PHP Warning:  in_array() expects parameter 2 to be array, boolean given in /home/pbouchard/public_html/php/kfm/admin/settings.php on line 72
[22-Oct-2009 18:05:06] PHP Warning:  Invalid argument supplied for foreach() in /home/pbouchard/public_html/php/kfm/admin/settings.php on line 7
[22-Oct-2009 18:05:06] PHP Warning:  in_array() expects parameter 2 to be array, boolean given in /home/pbouchard/public_html/php/kfm/admin/settings.php on line 72
[22-Oct-2009 18:05:06] PHP Warning:  in_array() expects parameter 2 to be array, boolean given in /home/pbouchard/public_html/php/kfm/admin/settings.php on line 72
[22-Oct-2009 18:05:06] PHP Warning:  in_array() expects parameter 2 to be array, boolean given in /home/pbouchard/public_html/php/kfm/admin/settings.php on line 72
[22-Oct-2009 18:05:06] PHP Warning:  in_array() expects parameter 2 to be array, boolean given in /home/pbouchard/public_html/php/kfm/admin/settings.php on line 72
[22-Oct-2009 18:05:06] PHP Warning:  in_array() expects parameter 2 to be array, boolean given in /home/pbouchard/public_html/php/kfm/admin/settings.php on line 72
[22-Oct-2009 18:05:06] PHP Warning:  in_array() expects parameter 2 to be array, boolean given in /home/pbouchard/public_html/php/kfm/admin/settings.php on line 72
[22-Oct-2009 18:05:06] PHP Warning:  in_array() expects parameter 2 to be array, boolean given in /home/pbouchard/public_html/php/kfm/admin/settings.php on line 72
[22-Oct-2009 18:05:06] PHP Warning:  in_array() expects parameter 2 to be array, boolean given in /home/pbouchard/public_html/php/kfm/admin/settings.php on line 72
[22-Oct-2009 18:05:06] PHP Warning:  in_array() expects parameter 2 to be array, boolean given in /home/pbouchard/public_html/php/kfm/admin/settings.php on line 72
[22-Oct-2009 18:05:06] PHP Warning:  in_array() expects parameter 2 to be array, boolean given in /home/pbouchard/public_html/php/kfm/admin/settings.php on line 72
[22-Oct-2009 18:05:06] PHP Warning:  in_array() expects parameter 2 to be array, boolean given in /home/pbouchard/public_html/php/kfm/admin/settings.php on line 72
[22-Oct-2009 18:05:06] PHP Warning:  in_array() expects parameter 2 to be array, boolean given in /home/pbouchard/public_html/php/kfm/admin/settings.php on line 72
[22-Oct-2009 18:05:06] PHP Warning:  in_array() expects parameter 2 to be array, boolean given in /home/pbouchard/public_html/php/kfm/admin/settings.php on line 72
[22-Oct-2009 18:05:06] PHP Warning:  in_array() expects parameter 2 to be array, boolean given in /home/pbouchard/public_html/php/kfm/admin/settings.php on line 72
[22-Oct-2009 18:05:06] PHP Warning:  in_array() expects parameter 2 to be array, boolean given in /home/pbouchard/public_html/php/kfm/admin/settings.php on line 72
[22-Oct-2009 18:05:06] PHP Warning:  in_array() expects parameter 2 to be array, boolean given in /home/pbouchard/public_html/php/kfm/admin/settings.php on line 72
[22-Oct-2009 18:05:06] PHP Warning:  in_array() expects parameter 2 to be array, boolean given in /home/pbouchard/public_html/php/kfm/admin/settings.php on line 72
[22-Oct-2009 18:05:06] PHP Warning:  in_array() expects parameter 2 to be array, boolean given in /home/pbouchard/public_html/php/kfm/admin/settings.php on line 72
[22-Oct-2009 18:05:06] PHP Warning:  in_array() expects parameter 2 to be array, boolean given in /home/pbouchard/public_html/php/kfm/admin/settings.php on line 72
[22-Oct-2009 18:05:06] PHP Warning:  in_array() expects parameter 2 to be array, boolean given in /home/pbouchard/public_html/php/kfm/admin/settings.php on line 72
[22-Oct-2009 18:05:06] PHP Warning:  in_array() expects parameter 2 to be array, boolean given in /home/pbouchard/public_html/php/kfm/admin/settings.php on line 72
[22-Oct-2009 18:05:06] PHP Warning:  in_array() expects parameter 2 to be array, boolean given in /home/pbouchard/public_html/php/kfm/admin/settings.php on line 72
[22-Oct-2009 18:05:06] PHP Warning:  in_array() expects parameter 2 to be array, boolean given in /home/pbouchard/public_html/php/kfm/admin/settings.php on line 72
[22-Oct-2009 18:05:06] PHP Warning:  in_array() expects parameter 2 to be array, boolean given in /home/pbouchard/public_html/php/kfm/admin/settings.php on line 72
[22-Oct-2009 18:05:06] PHP Warning:  in_array() expects parameter 2 to be array, boolean given in /home/pbouchard/public_html/php/kfm/admin/settings.php on line 72
[22-Oct-2009 18:05:06] PHP Warning:  in_array() expects parameter 2 to be array, boolean given in /home/pbouchard/public_html/php/kfm/admin/settings.php on line 72
[22-Oct-2009 18:05:06] PHP Warning:  in_array() expects parameter 2 to be array, boolean given in /home/pbouchard/public_html/php/kfm/admin/settings.php on line 72
[22-Oct-2009 18:05:06] PHP Warning:  in_array() expects parameter 2 to be array, boolean given in /home/pbouchard/public_html/php/kfm/admin/settings.php on line 72
[22-Oct-2009 18:05:07] PHP Warning:  in_array() expects parameter 2 to be array, boolean given in /home/pbouchard/public_html/php/kfm/admin/settings.php on line 72
[22-Oct-2009 18:05:07] PHP Warning:  in_array() expects parameter 2 to be array, boolean given in /home/pbouchard/public_html/php/kfm/admin/settings.php on line 72
[22-Oct-2009 18:05:07] PHP Warning:  in_array() expects parameter 2 to be array, boolean given in /home/pbouchard/public_html/php/kfm/admin/settings.php on line 72
[22-Oct-2009 18:05:07] PHP Warning:  in_array() expects parameter 2 to be array, boolean given in /home/pbouchard/public_html/php/kfm/admin/settings.php on line 72
[22-Oct-2009 18:05:07] PHP Warning:  in_array() expects parameter 2 to be array, boolean given in /home/pbouchard/public_html/php/kfm/admin/settings.php on line 72
[22-Oct-2009 18:05:07] PHP Warning:  in_array() expects parameter 2 to be array, boolean given in /home/pbouchard/public_html/php/kfm/admin/settings.php on line 72
[22-Oct-2009 18:05:07] PHP Warning:  in_array() expects parameter 2 to be array, boolean given in /home/pbouchard/public_html/php/kfm/admin/settings.php on line 72
[22-Oct-2009 18:05:07] PHP Warning:  in_array() expects parameter 2 to be array, boolean given in /home/pbouchard/public_html/php/kfm/admin/settings.php on line 72
[22-Oct-2009 18:05:07] PHP Warning:  in_array() expects parameter 2 to be array, boolean given in /home/pbouchard/public_html/php/kfm/admin/settings.php on line 72
[22-Oct-2009 18:05:07] PHP Warning:  in_array() expects parameter 2 to be array, boolean given in /home/pbouchard/public_html/php/kfm/admin/settings.php on line 72
[22-Oct-2009 18:05:07] PHP Warning:  in_array() expects parameter 2 to be array, boolean given in /home/pbouchard/public_html/php/kfm/admin/settings.php on line 72
[22-Oct-2009 18:05:07] PHP Warning:  in_array() expects parameter 2 to be array, boolean given in /home/pbouchard/public_html/php/kfm/admin/settings.php on line 72
[22-Oct-2009 18:05:07] PHP Warning:  in_array() expects parameter 2 to be array, boolean given in /home/pbouchard/public_html/php/kfm/admin/settings.php on line 72
[22-Oct-2009 18:05:07] PHP Warning:  in_array() expects parameter 2 to be array, boolean given in /home/pbouchard/public_html/php/kfm/admin/settings.php on line 72
[22-Oct-2009 18:05:07] PHP Warning:  in_array() expects parameter 2 to be array, boolean given in /home/pbouchard/public_html/php/kfm/admin/settings.php on line 72
[22-Oct-2009 18:05:07] PHP Warning:  in_array() expects parameter 2 to be array, boolean given in /home/pbouchard/public_html/php/kfm/admin/settings.php on line 72
[22-Oct-2009 18:05:07] PHP Warning:  in_array() expects parameter 2 to be array, boolean given in /home/pbouchard/public_html/php/kfm/admin/settings.php on line 72
[22-Oct-2009 18:05:07] PHP Warning:  in_array() expects parameter 2 to be array, boolean given in /home/pbouchard/public_html/php/kfm/admin/settings.php on line 72
[22-Oct-2009 18:05:07] PHP Warning:  in_array() expects parameter 2 to be array, boolean given in /home/pbouchard/public_html/php/kfm/admin/settings.php on line 72
[22-Oct-2009 18:05:07] PHP Warning:  in_array() expects parameter 2 to be array, boolean given in /home/pbouchard/public_html/php/kfm/admin/settings.php on line 72
[22-Oct-2009 18:05:07] PHP Warning:  in_array() expects parameter 2 to be array, boolean given in /home/pbouchard/public_html/php/kfm/admin/settings.php on line 72
[22-Oct-2009 18:05:07] PHP Warning:  in_array() expects parameter 2 to be array, boolean given in /home/pbouchard/public_html/php/kfm/admin/settings.php on line 72
[22-Oct-2009 18:05:07] PHP Warning:  in_array() expects parameter 2 to be array, boolean given in /home/pbouchard/public_html/php/kfm/admin/settings.php on line 72
[22-Oct-2009 18:05:07] PHP Warning:  in_array() expects parameter 2 to be array, boolean given in /home/pbouchard/public_html/php/kfm/admin/settings.php on line 72
[22-Oct-2009 18:05:07] PHP Warning:  in_array() expects parameter 2 to be array, boolean given in /home/pbouchard/public_html/php/kfm/admin/settings.php on line 72
[22-Oct-2009 18:05:07] PHP Warning:  in_array() expects parameter 2 to be array, boolean given in /home/pbouchard/public_html/php/kfm/admin/settings.php on line 72
[22-Oct-2009 18:05:07] PHP Warning:  in_array() expects parameter 2 to be array, boolean given in /home/pbouchard/public_html/php/kfm/admin/settings.php on line 72
[22-Oct-2009 18:05:07] PHP Warning:  in_array() expects parameter 2 to be array, boolean given in /home/pbouchard/public_html/php/kfm/admin/settings.php on line 72
[22-Oct-2009 18:05:07] PHP Warning:  in_array() expects parameter 2 to be array, boolean given in /home/pbouchard/public_html/php/kfm/admin/settings.php on line 72
[22-Oct-2009 18:05:07] PHP Warning:  in_array() expects parameter 2 to be array, boolean given in /home/pbouchard/public_html/php/kfm/admin/settings.php on line 72
[22-Oct-2009 18:05:07] PHP Warning:  in_array() expects parameter 2 to be array, boolean given in /home/pbouchard/public_html/php/kfm/admin/settings.php on line 72
[22-Oct-2009 18:05:07] PHP Warning:  in_array() expects parameter 2 to be array, boolean given in /home/pbouchard/public_html/php/kfm/admin/settings.php on line 72
